[00:01:45] [Server thread/INFO]: <phamle21> xiu
[00:03:55] [Server thread/INFO]: <phamle21> xin mieng do a
[00:03:58] [Server thread/INFO]: <phamle21> con k?
[00:04:02] [Server thread/INFO]: <xifmoocs> ko
[00:04:39] [Server thread/INFO]: <phamle21> xí m?i ng??i ?ang tìm gì z
[00:04:48] [Server thread/INFO]: <xifmoocs> cánh
[00:05:06] [Server thread/INFO]: <phamle21> tìm cái thuy?n ?ó ?ó h?
[00:06:32] [Server thread/INFO]: phamle21 fell from a high place
[00:06:33] [Server thread/INFO]: Skipping update from removed player 'adj['phamle21'/19, l='ServerLevel[world]', x=-1723.62, y=61.00, z=713.96, removed=KILLED]'
[00:08:02] [Server thread/INFO]: <phamle21> nh?y th?ng xu?ng
[00:11:27] [Server thread/INFO]: <xifmoocs> ttclear
[00:11:47] [Server thread/INFO]: <xifmoocs> -1883 774
[00:14:45] [Server thread/INFO]: <phamle21> m?ng nào
[00:16:17] [Server thread/INFO]: xXPhantomALXx fell from a high place
[00:16:18] [Server thread/INFO]: Skipping update from removed player 'adj['xXPhantomALXx'/117, l='ServerLevel[world]', x=-3336.24, y=42.00, z=122.87, removed=KILLED]'
[00:16:42] [Server thread/INFO]: xifmoocs fell from a high place
[00:16:43] [Server thread/INFO]: Skipping update from removed player 'adj['xifmoocs'/16381, l='ServerLevel[world]', x=-1863.21, y=65.00, z=418.04, removed=KILLED]'
[00:16:48] [Server thread/WARN]: Can't keep up! Is the server overloaded? Running 4004ms or 80 ticks behind
[00:16:48] [Server thread/WARN]: xXPhantomALXx moved too quickly! -3.155497816278057,0.17675927506424216,9.54594371591179
[00:17:12] [Server thread/WARN]: Can't keep up! Is the server overloaded? Running 2008ms or 40 ticks behind
[00:17:36] [Server thread/WARN]: Can't keep up! Is the server overloaded? Running 8586ms or 171 ticks behind
[00:17:55] [Server thread/WARN]: Can't keep up! Is the server overloaded? Running 3939ms or 78 ticks behind
[00:18:09] [Server thread/INFO]: DuaHauu was slain by Enderman
[00:18:25] [Server thread/WARN]: Can't keep up! Is the server overloaded? Running 2037ms or 40 ticks behind
[00:18:46] [Server thread/WARN]: Can't keep up! Is the server overloaded? Running 5514ms or 110 ticks behind
[00:19:12] [Server thread/WARN]: Can't keep up! Is the server overloaded? Running 11794ms or 235 ticks behind
[00:19:39] [Server thread/WARN]: Can't keep up! Is the server overloaded? Running 11244ms or 224 ticks behind
[00:19:56] [Server thread/INFO]: <phamle21> con ben k t dem loc qua
[00:19:57] [Server thread/WARN]: Can't keep up! Is the server overloaded? Running 3711ms or 74 ticks behind
[00:20:17] [Server thread/WARN]: Can't keep up! Is the server overloaded? Running 5172ms or 103 ticks behind
[00:20:22] [Server thread/INFO]: Unknown or incomplete command, see below for error
[00:20:22] [Server thread/INFO]: 	/seed<--[HERE]
[00:20:34] [Server thread/WARN]: Can't keep up! Is the server overloaded? Running 2064ms or 41 ticks behind
[00:24:20] [Server thread/INFO]: <phamle21> ua
[00:24:24] [Server thread/INFO]: <phamle21> sao ve het r
[00:24:34] [Server thread/INFO]: xXPhantomALXx fell from a high place
[00:24:35] [Server thread/INFO]: Skipping update from removed player 'adj['xXPhantomALXx'/117, l='ServerLevel[world]', x=-874.14, y=66.00, z=-1541.38, removed=KILLED]'
[00:25:37] [Server thread/WARN]: Can't keep up! Is the server overloaded? Running 2036ms or 40 ticks behind
[00:26:34] [Server thread/INFO]: xXPhantomALXx was shot by PoeAnn
[00:26:34] [Server thread/INFO]: PoeAnn has made the advancement [Take Aim]
[00:26:59] [Server thread/WARN]: Can't keep up! Is the server overloaded? Running 2108ms or 42 ticks behind
[00:28:18] [Server thread/INFO]: <phamle21> ben ender
[00:30:13] [Server thread/INFO]: <phamle21> ngu cai k
[00:30:40] [Server thread/INFO]: <phamle21> dang ra
[00:32:05] [Server thread/INFO]: <phamle21> dem 123 nhay len chup
[00:33:02] [Server thread/INFO]: <phamle21> haha
[00:34:29] [Server thread/INFO]: <phamle21> chup ben nao
[00:35:09] [Server thread/INFO]: <phamle21> len noc nha chup
[00:37:34] [Server thread/INFO]: <phamle21> tao a
[00:37:41] [Server thread/INFO]: <phamle21> nope
[00:38:00] [Server thread/INFO]: <phamle21> khoan
[00:38:02] [Server thread/INFO]: <phamle21> =))
[00:38:08] [Server thread/INFO]: Set xifmoocs's game mode to Creative Mode
[00:38:08] [Server thread/INFO]: Set DuaHauu's game mode to Creative Mode
[00:38:08] [Server thread/INFO]: Set PoeAnn's game mode to Creative Mode
[00:38:08] [Server thread/INFO]: Set xXPhantomALXx's game mode to Creative Mode
[00:38:08] [Server thread/INFO]: Set phamle21's game mode to Creative Mode
[00:38:37] [Server thread/INFO]: xifmoocs has reached the goal [Sky's the Limit]
[00:38:44] [Server thread/INFO]: DuaHauu has reached the goal [Sky's the Limit]
[00:38:44] [Server thread/INFO]: PoeAnn has reached the goal [Sky's the Limit]
[00:38:44] [Server thread/INFO]: xXPhantomALXx has reached the goal [Sky's the Limit]
[00:38:44] [Server thread/INFO]: phamle21 has reached the goal [Sky's the Limit]
[00:38:44] [Server thread/INFO]: Gave 1 [Elytra] to 5
[00:38:59] [Server thread/INFO]: <phamle21> sao bay dc z
[00:39:01] [Server thread/INFO]: Unknown item 'minecraft:firework'
[00:39:01] [Server thread/INFO]: /give @a firework<--[HERE]
[00:39:07] [Server thread/INFO]: <phamle21> k dc?
[00:39:16] [Server thread/INFO]: Unknown item 'minecraft:rocket'
[00:39:16] [Server thread/INFO]: /give @a rocket<--[HERE]
[00:39:26] [Server thread/INFO]: Gave 1 [Firework Rocket] to 5
[00:39:30] [Server thread/INFO]: Gave 128 [Firework Rocket] to 5
[00:40:42] [Server thread/INFO]: Teleported 5 entities to xifmoocs
[00:41:02] [Server thread/INFO]: Teleported 5 entities to DuaHauu
[00:41:02] [Server thread/WARN]: xXPhantomALXx moved too quickly! 3.501968102916294,-42.462636610204015,6.719761734442727
[00:41:02] [Server thread/WARN]: xXPhantomALXx moved too quickly! 3.501968102916294,-42.462636610204015,6.719761734442727
[00:41:25] [Server thread/INFO]: <phamle21> khoan
[00:41:31] [Server thread/INFO]: Set xifmoocs's game mode to Survival Mode
[00:41:31] [Server thread/INFO]: Set DuaHauu's game mode to Survival Mode
[00:41:31] [Server thread/INFO]: Set PoeAnn's game mode to Survival Mode
[00:41:31] [Server thread/INFO]: Set xXPhantomALXx's game mode to Survival Mode
[00:41:31] [Server thread/INFO]: Set phamle21's game mode to Survival Mode
[00:41:51] [Server thread/INFO]: PoeAnn fell from a high place
[00:41:53] [Server thread/INFO]: Skipping update from removed player 'adj['PoeAnn'/360, l='ServerLevel[world]', x=-870.20, y=63.09, z=-1503.30, removed=KILLED]'
[00:42:08] [Server thread/INFO]: xifmoocs fell from a high place
[00:42:09] [Server thread/INFO]: Skipping update from removed player 'adj['xifmoocs'/16381, l='ServerLevel[world]', x=-868.55, y=173.17, z=-1497.14, removed=KILLED]'
[00:42:10] [Server thread/INFO]: Skipping update from removed player 'adj['xifmoocs'/16381, l='ServerLevel[world]', x=-868.51, y=172.03, z=-1497.00, removed=KILLED]'
[00:42:10] [Server thread/INFO]: Skipping update from removed player 'adj['xifmoocs'/16381, l='ServerLevel[world]', x=-868.47, y=170.84, z=-1496.88, removed=KILLED]'
[00:42:10] [Server thread/INFO]: Skipping update from removed player 'adj['xifmoocs'/16381, l='ServerLevel[world]', x=-868.43, y=169.59, z=-1496.76, removed=KILLED]'
[00:42:15] [Server thread/INFO]: Expected whitespace to end one argument, but found trailing data
[00:42:15] [Server thread/INFO]: ...urvival @a/tp @a xXPhantomALXx<--[HERE]
[00:42:20] [Server thread/INFO]: <phamle21> bay nut nao
[00:42:21] [Server thread/INFO]: Teleported 5 entities to xXPhantomALXx
[00:42:38] [Server thread/INFO]: Teleported 5 entities to xXPhantomALXx
[00:42:40] [Server thread/INFO]: phamle21 fell from a high place
[00:42:41] [Server thread/INFO]: Skipping update from removed player 'adj['phamle21'/19, l='ServerLevel[world]', x=-869.58, y=171.00, z=-1505.67, removed=KILLED]'
[00:42:41] [Server thread/INFO]: Skipping update from removed player 'adj['phamle21'/19, l='ServerLevel[world]', x=-869.58, y=169.75, z=-1505.67, removed=KILLED]'
[00:42:41] [Server thread/INFO]: Skipping update from removed player 'adj['phamle21'/19, l='ServerLevel[world]', x=-869.58, y=168.45, z=-1505.67, removed=KILLED]'
[00:42:41] [Server thread/INFO]: Skipping update from removed player 'adj['phamle21'/19, l='ServerLevel[world]', x=-869.58, y=167.09, z=-1505.67, removed=KILLED]'
[00:42:43] [Server thread/INFO]: PoeAnn fell from a high place
[00:42:44] [Server thread/INFO]: Skipping update from removed player 'adj['PoeAnn'/360, l='ServerLevel[world]', x=-868.75, y=63.09, z=-1501.13, removed=KILLED]'
[00:43:16] [Server thread/INFO]: Gave 64 [Elytra] to 5
[00:43:29] [Server thread/INFO]: Gave 1 [Firework Rocket] to 5
[00:43:33] [Server thread/INFO]: Gave 128 [Firework Rocket] to 5
[00:44:23] [Server thread/INFO]: Teleported 5 entities to xXPhantomALXx
[00:44:27] [Server thread/INFO]: Teleported 5 entities to xXPhantomALXx
[00:44:27] [Server thread/INFO]: phamle21 fell from a high place
[00:44:28] [Server thread/INFO]: DuaHauu fell from a high place
[00:45:24] [Server thread/INFO]: DuaHauu fell from a high place
[00:45:28] [Server thread/INFO]: Teleported 5 entities to xXPhantomALXx
[00:45:32] [Server thread/INFO]: Teleported 5 entities to xXPhantomALXx
[00:45:34] [Server thread/INFO]: Teleported 5 entities to xXPhantomALXx
[00:45:41] [Server thread/INFO]: xXPhantomALXx was slain by Wolf
[00:45:45] [Server thread/INFO]: Teleported 5 entities to xXPhantomALXx
[00:46:02] [Server thread/INFO]: Set xifmoocs's game mode to Creative Mode
[00:46:02] [Server thread/INFO]: Set PoeAnn's game mode to Creative Mode
[00:46:02] [Server thread/INFO]: Set phamle21's game mode to Creative Mode
[00:46:02] [Server thread/INFO]: Set DuaHauu's game mode to Creative Mode
[00:46:02] [Server thread/INFO]: Set xXPhantomALXx's game mode to Creative Mode
[00:46:29] [Server thread/INFO]: Incorrect argument for command
[00:46:29] [Server thread/INFO]: /effect @p 1 255 20<--[HERE]
[00:46:33] [Server thread/INFO]: Incorrect argument for command
[00:46:33] [Server thread/INFO]: /effect @p 1 150<--[HERE]
[00:46:36] [Server thread/INFO]: Incorrect argument for command
[00:46:36] [Server thread/INFO]: /effect @p 1 150 150<--[HERE]
[00:47:22] [Server thread/INFO]: Incorrect argument for command
[00:47:22] [Server thread/INFO]: /effect xXPhantomALXx 1 250 25<--[HERE]
[00:47:47] [Server thread/INFO]: Incorrect argument for command
[00:47:47] [Server thread/INFO]: /effect xXPhantomALXx speed 250 25<--[HERE]
[00:48:14] [Server thread/INFO]: DuaHauu lost connection: Disconnected
[00:48:14] [Server thread/INFO]: DuaHauu left the game
[00:48:19] [Server thread/INFO]: DuaHauu[/[0:0:0:0:0:0:0:1]:62566] logged in with entity id 79579 at (-872.3259328387974, 202.0, -1510.703097364058)
[00:48:19] [Server thread/INFO]: DuaHauu joined the game
[00:48:25] [Server thread/INFO]: Made xXPhantomALXx a server operator
[00:48:29] [Server thread/INFO]: [xXPhantomALXx: Removed 1 items from player xXPhantomALXx]
[00:48:37] [Server thread/INFO]: [xXPhantomALXx: Gave 1 [Elytra] to 5]
[00:48:52] [Server thread/INFO]: [xXPhantomALXx: Gave 64 [Firework Rocket] to 5]
[00:49:04] [Server thread/INFO]: [xXPhantomALXx: Set xifmoocs's game mode to Survival Mode]
[00:49:04] [Server thread/INFO]: [xXPhantomALXx: Set PoeAnn's game mode to Survival Mode]
[00:49:04] [Server thread/INFO]: [xXPhantomALXx: Set phamle21's game mode to Survival Mode]
[00:49:04] [Server thread/INFO]: [xXPhantomALXx: Set own game mode to Survival Mode]
[00:49:04] [Server thread/INFO]: [xXPhantomALXx: Set DuaHauu's game mode to Survival Mode]
[00:49:48] [Server thread/WARN]: xifmoocs moved too quickly! 5.0247525935674275,-15.681345379997254,-8.501038549314217
[00:50:24] [Server thread/INFO]: [xXPhantomALXx: Gave 128 [Firework Rocket] to 5]
[00:50:27] [Server thread/WARN]: xifmoocs moved too quickly! 17.67872011883196,-2.364361318280885,0.4160418235517227
[00:50:41] [Server thread/WARN]: xXPhantomALXx moved too quickly! 3.361097764207443,-1.8657014771346923,17.23390194809508
[00:50:42] [Server thread/WARN]: Can't keep up! Is the server overloaded? Running 2632ms or 52 ticks behind
[00:50:42] [Server thread/WARN]: PoeAnn moved too quickly! 5.578136860060454,-1.335436296123106,-17.684061326739084
[00:50:42] [Server thread/WARN]: DuaHauu moved too quickly! 11.634961411058498,14.335196716258963,-1.1983187400871884
[00:50:42] [Server thread/WARN]: phamle21 moved too quickly! 0.9385902035216986,-10.49064651107983,0.16848480208909677
[00:50:52] [Server thread/WARN]: xifmoocs moved too quickly! 9.231071588908549,0.1689756732886991,15.10980584757499
[00:50:52] [Server thread/INFO]: [xXPhantomALXx: Applied effect Speed to 5 targets]
[00:51:02] [Server thread/WARN]: Can't keep up! Is the server overloaded? Running 2001ms or 40 ticks behind
[00:51:27] [Server thread/INFO]: [xXPhantomALXx: Removed every effect from 5 targets]
[00:51:37] [Server thread/INFO]: DuaHauu fell from a high place
[00:52:03] [Server thread/INFO]: xXPhantomALXx fell from a high place
[00:52:37] [Server thread/INFO]: [xXPhantomALXx: Gave 1 [Bow] to 5]
[00:52:40] [Server thread/INFO]: xifmoocs fell from a high place
[00:52:45] [Server thread/INFO]: [xXPhantomALXx: Set PoeAnn's game mode to Creative Mode]
[00:52:45] [Server thread/INFO]: [xXPhantomALXx: Set phamle21's game mode to Creative Mode]
[00:52:45] [Server thread/INFO]: [xXPhantomALXx: Set DuaHauu's game mode to Creative Mode]
[00:52:45] [Server thread/INFO]: [xXPhantomALXx: Set own game mode to Creative Mode]
[00:52:45] [Server thread/INFO]: [xXPhantomALXx: Set xifmoocs's game mode to Creative Mode]
[00:53:29] [Server thread/INFO]: [xXPhantomALXx: Made xifmoocs a server operator]
[00:54:38] [Server thread/INFO]: PoeAnn has completed the challenge [Cover Me in Debris]
[00:54:48] [Server thread/INFO]: xifmoocs has completed the challenge [Cover Me in Debris]
[00:55:37] [Server thread/INFO]: phamle21 fell out of the world
[00:55:38] [Server thread/INFO]: Skipping update from removed player 'adj['phamle21'/19, l='ServerLevel[world]', x=-883.96, y=-267.56, z=-1492.38, removed=KILLED]'
[00:55:38] [Server thread/INFO]: Skipping update from removed player 'adj['phamle21'/19, l='ServerLevel[world]', x=-884.11, y=-269.83, z=-1492.33, removed=KILLED]'
[00:55:38] [Server thread/INFO]: Skipping update from removed player 'adj['phamle21'/19, l='ServerLevel[world]', x=-884.24, y=-272.14, z=-1492.28, removed=KILLED]'
[00:55:38] [Server thread/INFO]: Skipping update from removed player 'adj['phamle21'/19, l='ServerLevel[world]', x=-884.36, y=-274.48, z=-1492.24, removed=KILLED]'
[00:55:38] [Server thread/INFO]: Skipping update from removed player 'adj['phamle21'/19, l='ServerLevel[world]', x=-884.47, y=-276.84, z=-1492.20, removed=KILLED]'
[00:56:25] [Server thread/INFO]: [xXPhantomALXx: Applied effect Strength to xXPhantomALXx]
[00:56:40] [Server thread/WARN]: Can't keep up! Is the server overloaded? Running 2019ms or 40 ticks behind
[00:57:22] [Server thread/INFO]: [xXPhantomALXx: Teleported xXPhantomALXx to xifmoocs]
[00:58:17] [Server thread/INFO]: [xXPhantomALXx: Summoned new Lightning Bolt]
[00:59:16] [Server thread/INFO]: [xXPhantomALXx: Set the weather to rain]
[01:00:03] [Server thread/INFO]: DuaHauu has made the advancement [Bring Home the Beacon]
[01:00:11] [Server thread/INFO]: [xXPhantomALXx: Summoned new Cave Spider]
[01:00:32] [Server thread/INFO]: [xXPhantomALXx: Set the weather to rain & thunder]
[01:00:44] [Server thread/INFO]: [xXPhantomALXx: Set own game mode to Adventure Mode]
[01:00:50] [Server thread/INFO]: xifmoocs has made the advancement [A Throwaway Joke]
[01:01:26] [Server thread/INFO]: Named entity bim['Chú chó c?a Hòa'/62676, l='ServerLevel[world]', x=-850.01, y=63.94, z=-1540.58] died: Chú chó c?a Hòa was slain by Wolf
[01:01:47] [Server thread/INFO]: xXPhantomALXx was slain by Wolf
[01:02:01] [Server thread/INFO]: [xXPhantomALXx: Set own game mode to Creative Mode]
[01:02:35] [Server thread/INFO]: xXPhantomALXx has completed the challenge [Cover Me in Debris]
[01:03:05] [Server thread/INFO]: [xXPhantomALXx: Set own game mode to Survival Mode]
[01:03:08] [Server thread/INFO]: [xXPhantomALXx: Set DuaHauu's game mode to Survival Mode]
[01:03:23] [Server thread/INFO]: xXPhantomALXx was slain by xifmoocs
[01:03:54] [Server thread/INFO]: [xXPhantomALXx: Set own game mode to Creative Mode]
[01:05:08] [Server thread/INFO]: [xXPhantomALXx: Applied effect Health Boost to DuaHauu]
[01:05:19] [Server thread/INFO]: [xXPhantomALXx: Applied effect Glowing to DuaHauu]
[01:05:41] [Server thread/INFO]: [xXPhantomALXx: Applied effect Bad Omen to DuaHauu]
[01:05:49] [Server thread/INFO]: [xXPhantomALXx: Applied effect Conduit Power to DuaHauu]
[01:05:56] [Server thread/INFO]: [xXPhantomALXx: Applied effect Dolphin's Grace to DuaHauu]
[01:06:31] [Server thread/INFO]: [xXPhantomALXx: Applied effect Regeneration to DuaHauu]
[01:06:41] [Server thread/INFO]: [xXPhantomALXx: Applied effect Hero of the Village to DuaHauu]
[01:06:50] [Server thread/INFO]: [xXPhantomALXx: Applied effect Nausea to DuaHauu]
[01:07:01] [Server thread/INFO]: [xXPhantomALXx: Applied effect Mining Fatigue to DuaHauu]
[01:07:08] [Server thread/INFO]: [xXPhantomALXx: Removed every effect from 5 targets]
[01:07:24] [Server thread/INFO]: [xXPhantomALXx: Applied effect Speed to 5 targets]
[01:07:26] [Server thread/WARN]: phamle21 moved too quickly! 15.93063016563076,-0.15680000305175668,5.9565077784297955
[01:07:27] [Server thread/WARN]: xXPhantomALXx moved too quickly! 1.127744142648453,-0.2336320060424839,14.28033604494749
[01:08:06] [Server thread/INFO]: [xXPhantomALXx: Applied effect Jump Boost to 5 targets]
[01:08:14] [Server thread/INFO]: [xXPhantomALXx: Applied effect Jump Boost to 5 targets]
[01:08:35] [Server thread/INFO]: [xXPhantomALXx: Removed every effect from 5 targets]
[01:08:40] [Server thread/INFO]: [xXPhantomALXx: Applied effect Jump Boost to 5 targets]
[01:08:49] [Server thread/WARN]: xifmoocs moved too quickly! 0.5606685713160005,15.122375986627105,0.9852589320596508
[01:08:53] [Server thread/INFO]: [xXPhantomALXx: Applied effect Jump Boost to 5 targets]
[01:08:55] [Server thread/WARN]: xifmoocs moved too quickly! 0.5793344409225938,-11.91544127013222,0.4004105140543288
[01:09:00] [Server thread/WARN]: xifmoocs moved too quickly! 0.35874981350650614,22.663404330337528,-0.17482942662991263
[01:09:13] [Server thread/INFO]: DuaHauu fell from a high place
[01:09:19] [Server thread/INFO]: [xXPhantomALXx: Removed every effect from 5 targets]
[01:10:01] [Server thread/INFO]: [xXPhantomALXx: Summoned new Vindicator]
[01:10:03] [Server thread/WARN]: Can't keep up! Is the server overloaded? Running 2008ms or 40 ticks behind
[01:10:05] [Server thread/INFO]: DuaHauu was slain by Vindicator
[01:10:21] [Server thread/INFO]: [xXPhantomALXx: Summoned new Vex]
[01:10:28] [Server thread/WARN]: Can't keep up! Is the server overloaded? Running 2005ms or 40 ticks behind
[01:10:44] [Server thread/INFO]: [xXPhantomALXx: Summoned new Strider]
[01:10:48] [Server thread/WARN]: Can't keep up! Is the server overloaded? Running 5624ms or 112 ticks behind
[01:11:14] [Server thread/WARN]: Can't keep up! Is the server overloaded? Running 11109ms or 222 ticks behind
[01:11:32] [Server thread/INFO]: <phamle21> gi cung le
[01:11:39] [Server thread/WARN]: Can't keep up! Is the server overloaded? Running 10010ms or 200 ticks behind
[01:11:50] [Server thread/INFO]: [xXPhantomALXx: Changed the block at -783, 97, -1550]
[01:12:04] [Server thread/WARN]: Can't keep up! Is the server overloaded? Running 9412ms or 188 ticks behind
[01:12:28] [Server thread/WARN]: Can't keep up! Is the server overloaded? Running 9229ms or 184 ticks behind
[01:12:45] [Server thread/WARN]: Can't keep up! Is the server overloaded? Running 2277ms or 45 ticks behind
[01:13:08] [Server thread/WARN]: Can't keep up! Is the server overloaded? Running 8142ms or 162 ticks behind
[01:13:32] [Server thread/WARN]: Can't keep up! Is the server overloaded? Running 8588ms or 171 ticks behind
[01:13:54] [Server thread/WARN]: Can't keep up! Is the server overloaded? Running 7302ms or 146 ticks behind
[01:13:59] [Server thread/INFO]: [xifmoocs: Set own game mode to Survival Mode]
[01:14:12] [Server thread/INFO]: [xifmoocs: Gave 5000 experience points to xifmoocs]
[01:14:15] [Server thread/WARN]: Can't keep up! Is the server overloaded? Running 5697ms or 113 ticks behind
[01:14:36] [Server thread/WARN]: Can't keep up! Is the server overloaded? Running 6687ms or 133 ticks behind
[01:14:44] [Server thread/INFO]: [xXPhantomALXx: Teleported PoeAnn to xXPhantomALXx]
[01:14:48] [Server thread/INFO]: [xXPhantomALXx: Teleported PoeAnn to xXPhantomALXx]
[01:14:50] [Server thread/INFO]: [xXPhantomALXx: Teleported PoeAnn to xXPhantomALXx]
[01:14:52] [Server thread/INFO]: [xifmoocs: Teleported xifmoocs to phamle21]
[01:14:53] [Server thread/INFO]: [xXPhantomALXx: Teleported PoeAnn to xXPhantomALXx]
[01:14:55] [Server thread/INFO]: [xXPhantomALXx: Teleported PoeAnn to xXPhantomALXx]
[01:14:56] [Server thread/WARN]: Can't keep up! Is the server overloaded? Running 4291ms or 85 ticks behind
[01:14:57] [Server thread/INFO]: [xXPhantomALXx: Teleported PoeAnn to xXPhantomALXx]
[01:14:59] [Server thread/INFO]: [xXPhantomALXx: Teleported PoeAnn to xXPhantomALXx]
[01:15:15] [Server thread/WARN]: Can't keep up! Is the server overloaded? Running 4340ms or 86 ticks behind
[01:15:29] [Server thread/INFO]: [xifmoocs: Teleported xifmoocs to xXPhantomALXx]
[01:15:32] [Server thread/INFO]: xifmoocs fell from a high place
[01:15:37] [Server thread/WARN]: Can't keep up! Is the server overloaded? Running 7143ms or 142 ticks behind
[01:15:42] [Server thread/INFO]: [xifmoocs: Set own game mode to Creative Mode]
[01:15:47] [Server thread/INFO]: [xifmoocs: Teleported xifmoocs to xXPhantomALXx]
[01:15:58] [Server thread/WARN]: Can't keep up! Is the server overloaded? Running 6103ms or 122 ticks behind
[01:16:18] [Server thread/INFO]: DuaHauu was slain by Wolf
[01:16:19] [Server thread/WARN]: Can't keep up! Is the server overloaded? Running 5569ms or 111 ticks behind
[01:16:25] [Server thread/INFO]: [xXPhantomALXx: Removed 196 items from player xXPhantomALXx]
[01:16:34] [Server thread/INFO]: <phamle21> Nhw ?ánh t th? ?i
[01:16:36] [Server thread/WARN]: Can't keep up! Is the server overloaded? Running 2044ms or 40 ticks behind
[01:16:53] [Server thread/WARN]: Can't keep up! Is the server overloaded? Running 2029ms or 40 ticks behind
[01:18:05] [Server thread/INFO]: [xXPhantomALXx: Removed 704 items from player xXPhantomALXx]
[01:18:17] [Server thread/INFO]: phamle21 fell out of the world
[01:18:17] [Server thread/INFO]: [xifmoocs: Killed phamle21]
[01:18:28] [Server thread/INFO]: <phamle21> =))
[01:18:31] [Server thread/INFO]: <phamle21> moas
[01:18:43] [Server thread/WARN]: Can't keep up! Is the server overloaded? Running 2014ms or 40 ticks behind
[01:18:58] [Server thread/INFO]: [xifmoocs: Set own game mode to Survival Mode]
[01:19:03] [Server thread/INFO]: <phamle21> Cá m??n cây ?inh pa
[01:19:10] [Server thread/INFO]: [xXPhantomALXx: Removed 196 items from player xXPhantomALXx]
[01:21:15] [Server thread/INFO]: DuaHauu was impaled by PoeAnn with [?inh ba c?a An nhó]
[01:21:16] [Server thread/INFO]: Skipping update from removed player 'adj['DuaHauu'/79579, l='ServerLevel[world]', x=-870.39, y=67.00, z=-1548.27, removed=KILLED]'
[01:21:51] [Server thread/INFO]: [xXPhantomALXx: Removed 92 items from player xXPhantomALXx]
[01:21:53] [Server thread/INFO]: <phamle21> sao cho tao k can m
[01:21:59] [Server thread/INFO]: xifmoocs was shot by phamle21
[01:22:07] [Server thread/INFO]: DuaHauu was slain by Wolf
[01:22:10] [Server thread/INFO]: <phamle21> ?ang ?ánh con AN
[01:22:29] [Server thread/INFO]: <phamle21> ao chinh
[01:22:34] [Server thread/INFO]: PoeAnn fell out of the world
[01:22:34] [Server thread/INFO]: [xifmoocs: Killed PoeAnn]
[01:22:45] [Server thread/INFO]: xifmoocs was slain by Wolf
[01:23:00] [Server thread/INFO]: xifmoocs hit the ground too hard whilst trying to escape DuaHauu
[01:23:01] [Server thread/INFO]: DuaHauu was slain by Wolf
[01:23:02] [Server thread/INFO]: Skipping update from removed player 'adj['DuaHauu'/79579, l='ServerLevel[world]', x=-876.94, y=67.00, z=-1548.70, removed=KILLED]'
[01:23:06] [Server thread/INFO]: <phamle21> =)))
[01:23:34] [Server thread/INFO]: [xifmoocs: Set phamle21's game mode to Survival Mode]
[01:23:35] [Server thread/INFO]: xifmoocs was slain by Wolf
[01:23:36] [Server thread/INFO]: Skipping update from removed player 'adj['xifmoocs'/16381, l='ServerLevel[world]', x=-877.85, y=61.42, z=-1509.97, removed=KILLED]'
[01:23:41] [Server thread/INFO]: [xXPhantomALXx: Applied effect Night Vision to 5 targets]
[01:23:42] [Server thread/INFO]: phamle21 was impaled by PoeAnn with [?inh ba c?a An nhó]
[01:23:53] [Server thread/INFO]: <xifmoocs> zwaf long t lam
[01:24:05] [Server thread/INFO]: xifmoocs was slain by Wolf
[01:24:17] [Server thread/INFO]: [xifmoocs: Set DuaHauu's game mode to Creative Mode]
[01:24:24] [Server thread/INFO]: [xifmoocs: Made DuaHauu a server operator]
[01:24:44] [Server thread/INFO]: [xXPhantomALXx: Teleported xifmoocs to xXPhantomALXx]
[01:24:57] [Server thread/INFO]: [xXPhantomALXx: Made xifmoocs no longer a server operator]
[01:25:31] [Server thread/INFO]: phamle21 went off with a bang
[01:25:50] [Server thread/INFO]: phamle21 was impaled by PoeAnn with [?inh ba c?a An nhó]
[01:26:00] [Server thread/INFO]: <phamle21> con An ch?i ?n gian
[01:26:33] [Server thread/INFO]: [xXPhantomALXx: Teleported DuaHauu to xXPhantomALXx]
[01:26:53] [Server thread/INFO]: [xXPhantomALXx: Set DuaHauu's game mode to Survival Mode]
[01:27:19] [Server thread/INFO]: [xXPhantomALXx: Teleported DuaHauu to xXPhantomALXx]
[01:27:57] [Server thread/INFO]: [xXPhantomALXx: Teleported DuaHauu to -863.500000, 49.000000, -1480.500000]
[01:28:13] [Server thread/INFO]: [xXPhantomALXx: Teleported DuaHauu to -864.500000, 49.000000, -1480.500000]
[01:28:56] [Server thread/INFO]: [xXPhantomALXx: Applied effect Regeneration to 5 targets]
[01:29:20] [Server thread/INFO]: [xXPhantomALXx: Teleported DuaHauu to xXPhantomALXx]
[01:30:47] [Server thread/WARN]: Horse (vehicle of phamle21) moved wrongly! 0.2577117150729009
[01:30:48] [Server thread/WARN]: Horse (vehicle of phamle21) moved wrongly! 0.645502450019876
[01:30:48] [Server thread/WARN]: Horse (vehicle of phamle21) moved wrongly! 1.0328407206370684
[01:30:48] [Server thread/WARN]: Horse (vehicle of phamle21) moved wrongly! 1.4199368866125042
[01:31:37] [Server thread/INFO]: [xXPhantomALXx: Set spawn point to -869, 48, -1482 [0.0] in minecraft:overworld for 5 players]
[01:31:43] [Server thread/INFO]: xXPhantomALXx fell out of the world
[01:31:43] [Server thread/INFO]: PoeAnn fell out of the world
[01:31:43] [Server thread/INFO]: DuaHauu fell out of the world
[01:31:43] [Server thread/INFO]: xifmoocs fell out of the world
[01:31:43] [Server thread/INFO]: phamle21 fell out of the world
[01:31:43] [Server thread/INFO]: [xXPhantomALXx: Killed 5 entities]
[01:31:44] [Server thread/INFO]: Skipping update from removed player 'adj['phamle21'/19, l='ServerLevel[world]', x=-954.25, y=73.85, z=-1508.52, removed=KILLED]'
[01:31:55] [Server thread/WARN]: Mismatch in destroy block pos: gh{x=0, y=0, z=0} gh{x=7, y=105, z=-2}
[01:32:02] [Server thread/INFO]: [xXPhantomALXx: Teleported 5 entities to xifmoocs]
[01:32:02] [Server thread/WARN]: xXPhantomALXx moved too quickly! 25.983384737951365,17.936124979236453,4.100827338355784
[01:32:06] [Server thread/INFO]: <phamle21> set home này =))
[01:32:20] [Server thread/INFO]: [xXPhantomALXx: Teleported 5 entities to -863.500000, 49.000000, -1479.500000]
[01:32:20] [Server thread/WARN]: xXPhantomALXx moved too quickly! -786.6614714394,-59.129957366472894,-1481.5921640067131
[01:32:39] [Server thread/WARN]: Can't keep up! Is the server overloaded? Running 2005ms or 40 ticks behind
[01:32:56] [Server thread/INFO]: [xXPhantomALXx: Teleported 5 entities to xXPhantomALXx]
[01:33:17] [Server thread/INFO]: [xXPhantomALXx: Set own game mode to Survival Mode]
[01:33:17] [Server thread/INFO]: [xXPhantomALXx: Set PoeAnn's game mode to Survival Mode]
[01:33:23] [Server thread/INFO]: [xXPhantomALXx: Set own game mode to Creative Mode]
[01:33:38] [Server thread/INFO]: [xXPhantomALXx: Teleported 5 entities to xXPhantomALXx]
[01:33:45] [Server thread/INFO]: DuaHauu was slain by Wolf
[01:33:49] [Server thread/INFO]: xifmoocs was slain by Wolf
[01:33:51] [Server thread/INFO]: <phamle21> hahaha
[01:33:55] [Server thread/INFO]: <phamle21> danh tao di An
[01:33:55] [Server thread/INFO]: [xXPhantomALXx: Set the world spawn point to -873, 48, -1482 [0.0]]
[01:33:56] [Server thread/INFO]: PoeAnn was slain by Wolf
[01:34:01] [Server thread/WARN]: Mismatch in destroy block pos: gh{x=-866, y=48, z=-1483} gh{x=-875, y=49, z=-1482}
[01:34:01] [Server thread/WARN]: Mismatch in destroy block pos: gh{x=-866, y=48, z=-1483} gh{x=-874, y=49, z=-1483}
[01:34:04] [Server thread/INFO]: [xXPhantomALXx: Teleported 5 entities to xXPhantomALXx]
[01:34:06] [Server thread/INFO]: DuaHauu was slain by Wolf
[01:34:08] [Server thread/INFO]: xifmoocs was slain by Wolf
[01:34:10] [Server thread/INFO]: PoeAnn was slain by Wolf
[01:34:18] [Server thread/INFO]: [xXPhantomALXx: Set spawn point to -867, 48, -1482 [0.0] in minecraft:overworld for 5 players]
[01:34:23] [Server thread/INFO]: [xXPhantomALXx: Teleported 5 entities to xXPhantomALXx]
[01:34:28] [Server thread/WARN]: Mismatch in destroy block pos: gh{x=-866, y=48, z=-1483} gh{x=-875, y=49, z=-1482}
[01:34:28] [Server thread/INFO]: PoeAnn was slain by Wolf
[01:34:31] [Server thread/INFO]: xifmoocs was slain by Wolf
[01:34:33] [Server thread/WARN]: Mismatch in destroy block pos: gh{x=-866, y=48, z=-1483} gh{x=-866, y=49, z=-1483}
[01:34:34] [Server thread/WARN]: Mismatch in destroy block pos: gh{x=0, y=0, z=0} gh{x=-866, y=49, z=-1481}
[01:34:36] [Server thread/WARN]: Can't keep up! Is the server overloaded? Running 2129ms or 42 ticks behind
[01:34:36] [Server thread/WARN]: Mismatch in destroy block pos: gh{x=-866, y=48, z=-1483} gh{x=-874, y=49, z=-1483}
[01:34:36] [Server thread/WARN]: Mismatch in destroy block pos: gh{x=-866, y=48, z=-1483} gh{x=-872, y=49, z=-1483}
[01:34:37] [Server thread/INFO]: DuaHauu was slain by Wolf
[01:34:38] [Server thread/WARN]: Mismatch in destroy block pos: gh{x=-866, y=48, z=-1483} gh{x=-865, y=49, z=-1481}
[01:34:40] [Server thread/INFO]: PoeAnn was slain by Wolf
[01:34:43] [Server thread/INFO]: xifmoocs was slain by Wolf
[01:34:45] [Server thread/INFO]: DuaHauu was slain by Wolf
[01:34:48] [Server thread/INFO]: PoeAnn was slain by Wolf
[01:34:51] [Server thread/WARN]: Mismatch in destroy block pos: gh{x=0, y=0, z=0} gh{x=-865, y=48, z=-1481}
[01:34:53] [Server thread/WARN]: Can't keep up! Is the server overloaded? Running 2014ms or 40 ticks behind
[01:34:53] [Server thread/WARN]: Mismatch in destroy block pos: gh{x=0, y=0, z=0} gh{x=-865, y=48, z=-1481}
[01:34:53] [Server thread/INFO]: <phamle21> it me
[01:34:54] [Server thread/WARN]: Mismatch in destroy block pos: gh{x=0, y=0, z=0} gh{x=-868, y=47, z=-1482}
[01:34:56] [Server thread/INFO]: <phamle21> =)))
[01:34:57] [Server thread/WARN]: Mismatch in destroy block pos: gh{x=0, y=0, z=0} gh{x=-867, y=47, z=-1482}
[01:34:57] [Server thread/INFO]: DuaHauu was slain by Wolf
[01:34:57] [Server thread/INFO]: [xXPhantomALXx: Removed 232 items from 5 players]
[01:34:57] [Server thread/WARN]: Mismatch in destroy block pos: gh{x=0, y=0, z=0} gh{x=-867, y=47, z=-1482}
[01:34:58] [Server thread/WARN]: Mismatch in destroy block pos: gh{x=0, y=0, z=0} gh{x=-865, y=48, z=-1481}
[01:34:58] [Server thread/WARN]: Mismatch in destroy block pos: gh{x=0, y=0, z=0} gh{x=-867, y=47, z=-1482}
[01:34:58] [Server thread/WARN]: Mismatch in destroy block pos: gh{x=0, y=0, z=0} gh{x=-865, y=48, z=-1481}
[01:34:58] [Server thread/WARN]: Mismatch in destroy block pos: gh{x=0, y=0, z=0} gh{x=-867, y=47, z=-1482}
[01:34:59] [Server thread/INFO]: PoeAnn was slain by Wolf
[01:35:00] [Server thread/WARN]: Mismatch in destroy block pos: gh{x=0, y=0, z=0} gh{x=-865, y=48, z=-1481}
[01:35:03] [Server thread/INFO]: xifmoocs was slain by Wolf
[01:35:06] [Server thread/WARN]: Mismatch in destroy block pos: gh{x=0, y=0, z=0} gh{x=-865, y=47, z=-1482}
[01:35:06] [Server thread/WARN]: Mismatch in destroy block pos: gh{x=0, y=0, z=0} gh{x=-865, y=47, z=-1482}
[01:35:07] [Server thread/INFO]: PoeAnn was slain by Wolf
[01:35:08] [Server thread/INFO]: <phamle21> hahah
[01:35:12] [Server thread/WARN]: Mismatch in destroy block pos: gh{x=0, y=0, z=0} gh{x=-867, y=47, z=-1482}
[01:35:14] [Server thread/WARN]: Can't keep up! Is the server overloaded? Running 2020ms or 40 ticks behind
[01:35:14] [Server thread/INFO]: DuaHauu was slain by Wolf
[01:35:15] [Server thread/WARN]: Mismatch in destroy block pos: gh{x=0, y=0, z=0} gh{x=-875, y=49, z=-1482}
[01:35:16] [Server thread/WARN]: Mismatch in destroy block pos: gh{x=0, y=0, z=0} gh{x=-875, y=49, z=-1482}
[01:35:17] [Server thread/WARN]: Mismatch in destroy block pos: gh{x=0, y=0, z=0} gh{x=-870, y=47, z=-1482}
[01:35:19] [Server thread/INFO]: PoeAnn was slain by Wolf
[01:35:20] [Server thread/INFO]: xifmoocs was slain by Wolf
[01:35:24] [Server thread/WARN]: Mismatch in destroy block pos: gh{x=0, y=0, z=0} gh{x=-865, y=47, z=-1482}
[01:35:26] [Server thread/INFO]: phamle21 was slain by xXPhantomALXx
[01:35:26] [Server thread/INFO]: <phamle21> t c??i x?u
[01:35:26] [Server thread/WARN]: Mismatch in destroy block pos: gh{x=0, y=0, z=0} gh{x=-866, y=47, z=-1482}
[01:35:27] [Server thread/WARN]: Mismatch in destroy block pos: gh{x=0, y=0, z=0} gh{x=-866, y=47, z=-1482}
[01:35:28] [Server thread/WARN]: Mismatch in destroy block pos: gh{x=0, y=0, z=0} gh{x=-868, y=48, z=-1481}
[01:35:29] [Server thread/WARN]: Mismatch in destroy block pos: gh{x=0, y=0, z=0} gh{x=-868, y=47, z=-1482}
[01:35:29] [Server thread/WARN]: Mismatch in destroy block pos: gh{x=0, y=0, z=0} gh{x=-868, y=47, z=-1482}
[01:35:35] [Server thread/WARN]: Mismatch in destroy block pos: gh{x=0, y=0, z=0} gh{x=-865, y=48, z=-1481}
[01:35:36] [Server thread/WARN]: Mismatch in destroy block pos: gh{x=0, y=0, z=0} gh{x=-865, y=49, z=-1481}
[01:35:36] [Server thread/WARN]: Mismatch in destroy block pos: gh{x=0, y=0, z=0} gh{x=-865, y=48, z=-1481}
[01:35:36] [Server thread/WARN]: Mismatch in destroy block pos: gh{x=0, y=0, z=0} gh{x=-864, y=48, z=-1482}
[01:35:36] [Server thread/WARN]: Mismatch in destroy block pos: gh{x=0, y=0, z=0} gh{x=-864, y=49, z=-1482}
[01:35:36] [Server thread/WARN]: Mismatch in destroy block pos: gh{x=0, y=0, z=0} gh{x=-864, y=49, z=-1482}
[01:35:36] [Server thread/WARN]: Mismatch in destroy block pos: gh{x=0, y=0, z=0} gh{x=-864, y=49, z=-1482}
[01:35:36] [Server thread/WARN]: Mismatch in destroy block pos: gh{x=0, y=0, z=0} gh{x=-865, y=49, z=-1483}
[01:35:36] [Server thread/WARN]: Mismatch in destroy block pos: gh{x=0, y=0, z=0} gh{x=-865, y=49, z=-1483}
[01:35:39] [Server thread/WARN]: Mismatch in destroy block pos: gh{x=0, y=0, z=0} gh{x=-864, y=48, z=-1482}
[01:35:40] [Server thread/WARN]: Mismatch in destroy block pos: gh{x=0, y=0, z=0} gh{x=-864, y=48, z=-1482}
[01:35:40] [Server thread/WARN]: Mismatch in destroy block pos: gh{x=0, y=0, z=0} gh{x=-864, y=48, z=-1482}
[01:35:41] [Server thread/WARN]: Mismatch in destroy block pos: gh{x=0, y=0, z=0} gh{x=-866, y=49, z=-1483}
[01:35:42] [Server thread/WARN]: Mismatch in destroy block pos: gh{x=0, y=0, z=0} gh{x=-872, y=48, z=-1481}
[01:35:43] [Server thread/WARN]: Mismatch in destroy block pos: gh{x=0, y=0, z=0} gh{x=-873, y=49, z=-1483}
[01:35:44] [Server thread/WARN]: Mismatch in destroy block pos: gh{x=0, y=0, z=0} gh{x=-872, y=49, z=-1483}
[01:35:44] [Server thread/WARN]: Mismatch in destroy block pos: gh{x=0, y=0, z=0} gh{x=-872, y=48, z=-1483}
[01:35:44] [Server thread/WARN]: Mismatch in destroy block pos: gh{x=0, y=0, z=0} gh{x=-873, y=49, z=-1481}
[01:35:44] [Server thread/WARN]: Mismatch in destroy block pos: gh{x=0, y=0, z=0} gh{x=-872, y=49, z=-1481}
[01:35:45] [Server thread/WARN]: Mismatch in destroy block pos: gh{x=0, y=0, z=0} gh{x=-870, y=48, z=-1481}
[01:35:45] [Server thread/WARN]: Mismatch in destroy block pos: gh{x=0, y=0, z=0} gh{x=-873, y=49, z=-1483}
[01:35:45] [Server thread/WARN]: Mismatch in destroy block pos: gh{x=0, y=0, z=0} gh{x=-873, y=49, z=-1483}
[01:35:45] [Server thread/WARN]: Mismatch in destroy block pos: gh{x=0, y=0, z=0} gh{x=-874, y=49, z=-1483}
[01:35:47] [Server thread/WARN]: Mismatch in destroy block pos: gh{x=0, y=0, z=0} gh{x=-874, y=48, z=-1483}
[01:35:47] [Server thread/WARN]: Mismatch in destroy block pos: gh{x=0, y=0, z=0} gh{x=-875, y=48, z=-1482}
[01:35:47] [Server thread/WARN]: Mismatch in destroy block pos: gh{x=0, y=0, z=0} gh{x=-874, y=49, z=-1483}
[01:35:47] [Server thread/WARN]: Mismatch in destroy block pos: gh{x=0, y=0, z=0} gh{x=-873, y=49, z=-1483}
[01:35:47] [Server thread/WARN]: Mismatch in destroy block pos: gh{x=0, y=0, z=0} gh{x=-872, y=49, z=-1483}
[01:35:47] [Server thread/WARN]: Mismatch in destroy block pos: gh{x=0, y=0, z=0} gh{x=-868, y=48, z=-1481}
[01:35:49] [Server thread/INFO]: [xXPhantomALXx: Applied effect Regeneration to 5 targets]
[01:35:50] [Server thread/WARN]: Mismatch in destroy block pos: gh{x=0, y=0, z=0} gh{x=-867, y=49, z=-1481}
[01:35:52] [Server thread/WARN]: Mismatch in destroy block pos: gh{x=0, y=0, z=0} gh{x=-867, y=49, z=-1481}
[01:35:52] [Server thread/WARN]: Mismatch in destroy block pos: gh{x=0, y=0, z=0} gh{x=-867, y=49, z=-1481}
[01:35:54] [Server thread/WARN]: Mismatch in destroy block pos: gh{x=0, y=0, z=0} gh{x=-875, y=49, z=-1482}
[01:35:54] [Server thread/WARN]: Mismatch in destroy block pos: gh{x=0, y=0, z=0} gh{x=-875, y=49, z=-1482}
[01:35:57] [Server thread/WARN]: Mismatch in destroy block pos: gh{x=0, y=0, z=0} gh{x=-868, y=49, z=-1481}
[01:35:59] [Server thread/WARN]: Can't keep up! Is the server overloaded? Running 2017ms or 40 ticks behind
[01:36:02] [Server thread/WARN]: Mismatch in destroy block pos: gh{x=0, y=0, z=0} gh{x=-864, y=49, z=-1482}
[01:36:06] [Server thread/WARN]: Mismatch in destroy block pos: gh{x=0, y=0, z=0} gh{x=-865, y=48, z=-1481}
[01:36:06] [Server thread/WARN]: Mismatch in destroy block pos: gh{x=0, y=0, z=0} gh{x=-864, y=49, z=-1482}
[01:36:06] [Server thread/WARN]: Mismatch in destroy block pos: gh{x=0, y=0, z=0} gh{x=-864, y=49, z=-1482}
[01:36:07] [Server thread/WARN]: Mismatch in destroy block pos: gh{x=0, y=0, z=0} gh{x=-864, y=49, z=-1482}
[01:36:07] [Server thread/WARN]: Mismatch in destroy block pos: gh{x=0, y=0, z=0} gh{x=-864, y=49, z=-1482}
[01:36:07] [Server thread/WARN]: Mismatch in destroy block pos: gh{x=0, y=0, z=0} gh{x=-864, y=49, z=-1482}
[01:36:07] [Server thread/WARN]: Mismatch in destroy block pos: gh{x=0, y=0, z=0} gh{x=-864, y=49, z=-1482}
[01:36:07] [Server thread/WARN]: Mismatch in destroy block pos: gh{x=0, y=0, z=0} gh{x=-864, y=49, z=-1482}
[01:36:08] [Server thread/WARN]: Mismatch in destroy block pos: gh{x=0, y=0, z=0} gh{x=-864, y=49, z=-1482}
[01:36:08] [Server thread/WARN]: Mismatch in destroy block pos: gh{x=0, y=0, z=0} gh{x=-864, y=49, z=-1482}
[01:36:08] [Server thread/WARN]: Mismatch in destroy block pos: gh{x=0, y=0, z=0} gh{x=-864, y=49, z=-1482}
[01:36:08] [Server thread/WARN]: Mismatch in destroy block pos: gh{x=0, y=0, z=0} gh{x=-864, y=49, z=-1482}
[01:36:08] [Server thread/WARN]: Mismatch in destroy block pos: gh{x=0, y=0, z=0} gh{x=-864, y=49, z=-1482}
[01:36:11] [Server thread/WARN]: Mismatch in destroy block pos: gh{x=0, y=0, z=0} gh{x=-864, y=49, z=-1482}
[01:36:12] [Server thread/WARN]: Mismatch in destroy block pos: gh{x=0, y=0, z=0} gh{x=-864, y=49, z=-1482}
[01:36:12] [Server thread/WARN]: Mismatch in destroy block pos: gh{x=0, y=0, z=0} gh{x=-864, y=49, z=-1482}
[01:36:12] [Server thread/WARN]: Mismatch in destroy block pos: gh{x=0, y=0, z=0} gh{x=-864, y=49, z=-1482}
[01:36:12] [Server thread/WARN]: Mismatch in destroy block pos: gh{x=0, y=0, z=0} gh{x=-864, y=49, z=-1482}
[01:36:17] [Server thread/WARN]: Mismatch in destroy block pos: gh{x=0, y=0, z=0} gh{x=-867, y=49, z=-1483}
[01:36:19] [Server thread/INFO]: [xXPhantomALXx: Teleported 5 entities to xXPhantomALXx]
[01:36:19] [Server thread/WARN]: Mismatch in destroy block pos: gh{x=0, y=0, z=0} gh{x=-871, y=49, z=-1483}
[01:36:19] [Server thread/WARN]: Mismatch in destroy block pos: gh{x=0, y=0, z=0} gh{x=-874, y=48, z=-1483}
[01:36:22] [Server thread/WARN]: Mismatch in destroy block pos: gh{x=0, y=0, z=0} gh{x=-874, y=47, z=-1482}
[01:36:22] [Server thread/WARN]: Mismatch in destroy block pos: gh{x=0, y=0, z=0} gh{x=-874, y=48, z=-1481}
[01:36:24] [Server thread/WARN]: Mismatch in destroy block pos: gh{x=0, y=0, z=0} gh{x=-871, y=49, z=-1481}
[01:36:27] [Server thread/WARN]: Can't keep up! Is the server overloaded? Running 2519ms or 50 ticks behind
[01:36:27] [Server thread/WARN]: Mismatch in destroy block pos: gh{x=0, y=0, z=0} gh{x=-867, y=50, z=-1482}
[01:36:27] [Server thread/WARN]: Mismatch in destroy block pos: gh{x=0, y=0, z=0} gh{x=-870, y=49, z=-1481}
[01:36:27] [Server thread/WARN]: Mismatch in destroy block pos: gh{x=0, y=0, z=0} gh{x=-871, y=48, z=-1483}
[01:36:27] [Server thread/WARN]: Mismatch in destroy block pos: gh{x=0, y=0, z=0} gh{x=-872, y=47, z=-1482}
[01:36:30] [Server thread/INFO]: <phamle21> hahaha
[01:36:31] [Server thread/WARN]: Mismatch in destroy block pos: gh{x=0, y=0, z=0} gh{x=-870, y=49, z=-1481}
[01:36:33] [Server thread/WARN]: Mismatch in destroy block pos: gh{x=0, y=0, z=0} gh{x=-870, y=48, z=-1483}
[01:36:33] [Server thread/WARN]: Mismatch in destroy block pos: gh{x=0, y=0, z=0} gh{x=-870, y=48, z=-1483}
[01:36:33] [Server thread/WARN]: Mismatch in destroy block pos: gh{x=0, y=0, z=0} gh{x=-870, y=48, z=-1483}
[01:36:34] [Server thread/WARN]: Mismatch in destroy block pos: gh{x=0, y=0, z=0} gh{x=-869, y=49, z=-1483}
[01:36:34] [Server thread/WARN]: Mismatch in destroy block pos: gh{x=0, y=0, z=0} gh{x=-869, y=49, z=-1483}
[01:36:35] [Server thread/WARN]: Mismatch in destroy block pos: gh{x=0, y=0, z=0} gh{x=-867, y=47, z=-1482}
[01:36:35] [Server thread/WARN]: Mismatch in destroy block pos: gh{x=0, y=0, z=0} gh{x=-869, y=47, z=-1482}
[01:36:38] [Server thread/INFO]: <phamle21> chó t tính hàng tr?m
[01:36:40] [Server thread/WARN]: Mismatch in destroy block pos: gh{x=0, y=0, z=0} gh{x=-868, y=48, z=-1483}
[01:36:43] [Server thread/WARN]: Mismatch in destroy block pos: gh{x=0, y=0, z=0} gh{x=-869, y=49, z=-1483}
[01:36:44] [Server thread/WARN]: Mismatch in destroy block pos: gh{x=0, y=0, z=0} gh{x=-869, y=49, z=-1483}
[01:36:44] [Server thread/WARN]: Mismatch in destroy block pos: gh{x=0, y=0, z=0} gh{x=-867, y=49, z=-1481}
[01:36:44] [Server thread/WARN]: Can't keep up! Is the server overloaded? Running 2346ms or 46 ticks behind
[01:36:44] [Server thread/WARN]: Mismatch in destroy block pos: gh{x=0, y=0, z=0} gh{x=-871, y=49, z=-1481}
[01:36:47] [Server thread/WARN]: Mismatch in destroy block pos: gh{x=0, y=0, z=0} gh{x=-870, y=48, z=-1483}
[01:36:47] [Server thread/WARN]: Mismatch in destroy block pos: gh{x=0, y=0, z=0} gh{x=-871, y=48, z=-1483}
[01:36:47] [Server thread/WARN]: Mismatch in destroy block pos: gh{x=0, y=0, z=0} gh{x=-875, y=49, z=-1482}
[01:36:47] [Server thread/WARN]: Mismatch in destroy block pos: gh{x=0, y=0, z=0} gh{x=-870, y=47, z=-1482}
[01:36:47] [Server thread/WARN]: Mismatch in destroy block pos: gh{x=0, y=0, z=0} gh{x=-872, y=47, z=-1482}
[01:36:48] [Server thread/WARN]: Mismatch in destroy block pos: gh{x=0, y=0, z=0} gh{x=-868, y=48, z=-1483}
[01:36:49] [Server thread/WARN]: Mismatch in destroy block pos: gh{x=0, y=0, z=0} gh{x=-867, y=48, z=-1483}
[01:36:50] [Server thread/WARN]: Mismatch in destroy block pos: gh{x=0, y=0, z=0} gh{x=-868, y=48, z=-1483}
[01:36:50] [Server thread/WARN]: Mismatch in destroy block pos: gh{x=0, y=0, z=0} gh{x=-868, y=48, z=-1483}
[01:36:51] [Server thread/WARN]: Mismatch in destroy block pos: gh{x=0, y=0, z=0} gh{x=-870, y=48, z=-1483}
[01:36:52] [Server thread/WARN]: Mismatch in destroy block pos: gh{x=0, y=0, z=0} gh{x=-868, y=48, z=-1483}
[01:36:52] [Server thread/WARN]: Mismatch in destroy block pos: gh{x=0, y=0, z=0} gh{x=-869, y=48, z=-1483}
[01:36:53] [Server thread/WARN]: Mismatch in destroy block pos: gh{x=0, y=0, z=0} gh{x=-869, y=48, z=-1483}
[01:36:55] [Server thread/WARN]: Mismatch in destroy block pos: gh{x=0, y=0, z=0} gh{x=-870, y=47, z=-1482}
[01:36:55] [Server thread/WARN]: Mismatch in destroy block pos: gh{x=0, y=0, z=0} gh{x=-875, y=48, z=-1482}
[01:36:56] [Server thread/WARN]: Mismatch in destroy block pos: gh{x=0, y=0, z=0} gh{x=-871, y=47, z=-1482}
[01:36:56] [Server thread/WARN]: Mismatch in destroy block pos: gh{x=0, y=0, z=0} gh{x=-870, y=47, z=-1482}
[01:36:56] [Server thread/WARN]: Mismatch in destroy block pos: gh{x=0, y=0, z=0} gh{x=-869, y=47, z=-1482}
[01:36:57] [Server thread/WARN]: Mismatch in destroy block pos: gh{x=0, y=0, z=0} gh{x=-869, y=48, z=-1481}
[01:36:57] [Server thread/WARN]: Mismatch in destroy block pos: gh{x=0, y=0, z=0} gh{x=-869, y=48, z=-1481}
[01:36:58] [Server thread/WARN]: Mismatch in destroy block pos: gh{x=0, y=0, z=0} gh{x=-869, y=47, z=-1482}
[01:36:59] [Server thread/WARN]: Mismatch in destroy block pos: gh{x=0, y=0, z=0} gh{x=-869, y=47, z=-1482}
[01:37:00] [Server thread/INFO]: <phamle21> tnt
[01:37:11] [Server thread/INFO]: [xXPhantomALXx: Applied effect Night Vision to 5 targets]
[01:37:19] [Server thread/WARN]: Mismatch in destroy block pos: gh{x=0, y=0, z=0} gh{x=-865, y=47, z=-1482}
[01:37:21] [Server thread/WARN]: Mismatch in destroy block pos: gh{x=0, y=0, z=0} gh{x=-865, y=47, z=-1482}
[01:37:22] [Server thread/WARN]: Mismatch in destroy block pos: gh{x=0, y=0, z=0} gh{x=-866, y=48, z=-1481}
[01:37:23] [Server thread/WARN]: Mismatch in destroy block pos: gh{x=0, y=0, z=0} gh{x=-867, y=48, z=-1481}
[01:37:23] [Server thread/WARN]: Mismatch in destroy block pos: gh{x=0, y=0, z=0} gh{x=-867, y=48, z=-1481}
[01:37:25] [Server thread/WARN]: Mismatch in destroy block pos: gh{x=0, y=0, z=0} gh{x=-866, y=48, z=-1481}
[01:37:27] [Server thread/INFO]: <phamle21> thoi
[01:37:30] [Server thread/INFO]: <phamle21> ?? kêu nó ng?i
[01:38:11] [Server thread/INFO]: [DuaHauu: Set own game mode to Creative Mode]
[01:38:12] [Server thread/WARN]: Mismatch in destroy block pos: gh{x=0, y=0, z=0} gh{x=-869, y=48, z=-1481}
[01:38:14] [Server thread/WARN]: DuaHauu moved too quickly! 0.0,10.186305164353861,0.0
[01:38:15] [Server thread/WARN]: Mismatch in destroy block pos: gh{x=0, y=0, z=0} gh{x=-868, y=47, z=-1482}
[01:38:23] [Server thread/INFO]: [xXPhantomALXx: Made xXPhantomALXx no longer a server operator]
[01:38:23] [Server thread/INFO]: [xXPhantomALXx: Made xXPhantomALXx no longer a server operator]
[01:38:34] [Server thread/INFO]: Made xXPhantomALXx a server operator
[01:38:59] [Server thread/INFO]: [xXPhantomALXx: Teleported 5 entities to xXPhantomALXx]
[01:39:03] [Server thread/WARN]: Mismatch in destroy block pos: gh{x=0, y=0, z=0} gh{x=-870, y=47, z=-1482}
[01:39:10] [Server thread/WARN]: Mismatch in destroy block pos: gh{x=0, y=0, z=0} gh{x=-874, y=50, z=-1482}
[01:39:17] [Server thread/WARN]: Mismatch in destroy block pos: gh{x=0, y=0, z=0} gh{x=-866, y=50, z=-1482}
[01:39:18] [Server thread/WARN]: Mismatch in destroy block pos: gh{x=0, y=0, z=0} gh{x=-866, y=50, z=-1482}
[01:39:19] [Server thread/WARN]: Mismatch in destroy block pos: gh{x=0, y=0, z=0} gh{x=-866, y=50, z=-1482}
[01:39:20] [Server thread/WARN]: Mismatch in destroy block pos: gh{x=0, y=0, z=0} gh{x=-865, y=50, z=-1482}
[01:39:20] [Server thread/INFO]: <phamle21> chó t nhiu l?m
[01:39:22] [Server thread/WARN]: Mismatch in destroy block pos: gh{x=0, y=0, z=0} gh{x=-866, y=50, z=-1482}
[01:39:26] [Server thread/WARN]: Mismatch in destroy block pos: gh{x=0, y=0, z=0} gh{x=-865, y=50, z=-1482}
[01:39:28] [Server thread/WARN]: Mismatch in destroy block pos: gh{x=0, y=0, z=0} gh{x=-864, y=49, z=-1482}
[01:39:30] [Server thread/WARN]: Mismatch in destroy block pos: gh{x=0, y=0, z=0} gh{x=-864, y=49, z=-1482}
[01:39:33] [Server thread/WARN]: Mismatch in destroy block pos: gh{x=0, y=0, z=0} gh{x=-864, y=49, z=-1482}
[01:39:34] [Server thread/WARN]: Mismatch in destroy block pos: gh{x=0, y=0, z=0} gh{x=-865, y=50, z=-1482}
[01:39:39] [Server thread/WARN]: Mismatch in destroy block pos: gh{x=0, y=0, z=0} gh{x=-864, y=49, z=-1482}
[01:39:40] [Server thread/WARN]: Mismatch in destroy block pos: gh{x=0, y=0, z=0} gh{x=-864, y=49, z=-1482}
[01:39:40] [Server thread/WARN]: Mismatch in destroy block pos: gh{x=0, y=0, z=0} gh{x=-864, y=49, z=-1482}
[01:39:40] [Server thread/WARN]: Mismatch in destroy block pos: gh{x=0, y=0, z=0} gh{x=-865, y=49, z=-1483}
[01:39:43] [Server thread/WARN]: Mismatch in destroy block pos: gh{x=0, y=0, z=0} gh{x=-865, y=50, z=-1482}
[01:39:44] [Server thread/INFO]: <phamle21> heets ddap dc r
[01:39:47] [Server thread/WARN]: Mismatch in destroy block pos: gh{x=0, y=0, z=0} gh{x=-865, y=50, z=-1482}
[01:39:56] [Server thread/INFO]: <phamle21> con gi z
[01:39:58] [Server thread/WARN]: Mismatch in destroy block pos: gh{x=0, y=0, z=0} gh{x=-867, y=48, z=-1483}
[01:39:59] [Server thread/WARN]: Mismatch in destroy block pos: gh{x=0, y=0, z=0} gh{x=-872, y=48, z=-1481}
[01:40:00] [Server thread/WARN]: Mismatch in destroy block pos: gh{x=0, y=0, z=0} gh{x=-875, y=49, z=-1482}
[01:40:11] [Server thread/INFO]: <phamle21> ay da
[01:40:24] [Server thread/INFO]: <phamle21> lay dc chua
[01:41:01] [Server thread/WARN]: Mismatch in destroy block pos: gh{x=0, y=0, z=0} gh{x=-875, y=48, z=-1482}
[01:41:07] [Server thread/WARN]: Mismatch in destroy block pos: gh{x=0, y=0, z=0} gh{x=-871, y=49, z=-1483}
[01:41:08] [Server thread/WARN]: Mismatch in destroy block pos: gh{x=0, y=0, z=0} gh{x=-872, y=49, z=-1483}
[01:41:08] [Server thread/WARN]: Mismatch in destroy block pos: gh{x=0, y=0, z=0} gh{x=-871, y=49, z=-1483}
[01:41:11] [Server thread/WARN]: Mismatch in destroy block pos: gh{x=0, y=0, z=0} gh{x=-871, y=49, z=-1483}
[01:41:16] [Server thread/WARN]: Mismatch in destroy block pos: gh{x=0, y=0, z=0} gh{x=-872, y=49, z=-1483}
[01:41:24] [Server thread/INFO]: <phamle21> ??p th?ng xây
[01:41:29] [Server thread/WARN]: Mismatch in destroy block pos: gh{x=0, y=0, z=0} gh{x=-871, y=49, z=-1483}
[01:41:30] [Server thread/WARN]: Mismatch in destroy block pos: gh{x=0, y=0, z=0} gh{x=-868, y=49, z=-1483}
[01:41:30] [Server thread/WARN]: Mismatch in destroy block pos: gh{x=0, y=0, z=0} gh{x=-867, y=49, z=-1483}
[01:41:30] [Server thread/WARN]: Mismatch in destroy block pos: gh{x=0, y=0, z=0} gh{x=-872, y=49, z=-1483}
[01:41:30] [Server thread/WARN]: Mismatch in destroy block pos: gh{x=0, y=0, z=0} gh{x=-868, y=49, z=-1483}
[01:41:30] [Server thread/WARN]: Mismatch in destroy block pos: gh{x=0, y=0, z=0} gh{x=-869, y=49, z=-1483}
[01:41:31] [Server thread/WARN]: Mismatch in destroy block pos: gh{x=0, y=0, z=0} gh{x=-868, y=49, z=-1483}
[01:41:32] [Server thread/WARN]: Mismatch in destroy block pos: gh{x=0, y=0, z=0} gh{x=-869, y=49, z=-1483}
[01:41:33] [Server thread/WARN]: Mismatch in destroy block pos: gh{x=0, y=0, z=0} gh{x=-868, y=49, z=-1483}
[01:41:33] [Server thread/WARN]: Mismatch in destroy block pos: gh{x=0, y=0, z=0} gh{x=-872, y=49, z=-1483}
[01:41:33] [Server thread/WARN]: Mismatch in destroy block pos: gh{x=0, y=0, z=0} gh{x=-873, y=49, z=-1483}
[01:41:33] [Server thread/WARN]: Mismatch in destroy block pos: gh{x=0, y=0, z=0} gh{x=-868, y=50, z=-1482}
[01:41:34] [Server thread/WARN]: Mismatch in destroy block pos: gh{x=0, y=0, z=0} gh{x=-872, y=49, z=-1483}
[01:41:52] [Server thread/WARN]: Mismatch in destroy block pos: gh{x=0, y=0, z=0} gh{x=-874, y=49, z=-1483}
[01:41:54] [Server thread/WARN]: Mismatch in destroy block pos: gh{x=0, y=0, z=0} gh{x=-875, y=48, z=-1483}
[01:41:54] [Server thread/WARN]: Mismatch in destroy block pos: gh{x=0, y=0, z=0} gh{x=-875, y=48, z=-1482}
[01:42:26] [Server thread/INFO]: [xXPhantomALXx: Set DuaHauu's game mode to Survival Mode]
[01:42:28] [Server thread/INFO]: <phamle21> bay dudowjc nef
[01:42:36] [Server thread/WARN]: Mismatch in destroy block pos: gh{x=0, y=0, z=0} gh{x=-866, y=49, z=-1483}
[01:42:38] [Server thread/WARN]: Mismatch in destroy block pos: gh{x=0, y=0, z=0} gh{x=-867, y=49, z=-1483}
[01:42:38] [Server thread/WARN]: Mismatch in destroy block pos: gh{x=0, y=0, z=0} gh{x=-866, y=49, z=-1483}
[01:42:38] [Server thread/WARN]: Mismatch in destroy block pos: gh{x=0, y=0, z=0} gh{x=-866, y=49, z=-1483}
[01:43:02] [Server thread/WARN]: Mismatch in destroy block pos: gh{x=-875, y=49, z=-1482} gh{x=-874, y=53, z=-1482}
[01:43:07] [Server thread/WARN]: Mismatch in destroy block pos: gh{x=0, y=0, z=0} gh{x=-874, y=53, z=-1482}
[01:43:14] [Server thread/WARN]: Mismatch in destroy block pos: gh{x=0, y=0, z=0} gh{x=-874, y=52, z=-1483}
[01:43:27] [Server thread/WARN]: Mismatch in destroy block pos: gh{x=0, y=0, z=0} gh{x=-865, y=47, z=-1482}
[01:43:35] [Server thread/WARN]: Mismatch in destroy block pos: gh{x=-875, y=49, z=-1482} gh{x=-874, y=47, z=-1481}
[01:43:48] [Server thread/WARN]: Mismatch in destroy block pos: gh{x=0, y=0, z=0} gh{x=-874, y=47, z=-1481}
[01:43:52] [Server thread/WARN]: Mismatch in destroy block pos: gh{x=-875, y=49, z=-1482} gh{x=-874, y=47, z=-1481}
[01:43:52] [Server thread/WARN]: Mismatch in destroy block pos: gh{x=-875, y=49, z=-1482} gh{x=-874, y=48, z=-1480}
[01:44:00] [Server thread/WARN]: Mismatch in destroy block pos: gh{x=0, y=0, z=0} gh{x=-866, y=48, z=-1485}
[01:44:06] [Server thread/WARN]: Mismatch in destroy block pos: gh{x=0, y=0, z=0} gh{x=-866, y=47, z=-1485}
[01:44:07] [Server thread/WARN]: Mismatch in destroy block pos: gh{x=0, y=0, z=0} gh{x=-866, y=48, z=-1485}
[01:44:07] [Server thread/WARN]: Mismatch in destroy block pos: gh{x=0, y=0, z=0} gh{x=-866, y=49, z=-1484}
[01:44:07] [Server thread/WARN]: Mismatch in destroy block pos: gh{x=0, y=0, z=0} gh{x=-866, y=48, z=-1485}
[01:44:07] [Server thread/WARN]: Mismatch in destroy block pos: gh{x=0, y=0, z=0} gh{x=-865, y=48, z=-1484}
[01:44:07] [Server thread/WARN]: Mismatch in destroy block pos: gh{x=0, y=0, z=0} gh{x=-865, y=48, z=-1485}
[01:44:08] [Server thread/WARN]: Mismatch in destroy block pos: gh{x=0, y=0, z=0} gh{x=-865, y=48, z=-1484}
[01:44:09] [Server thread/WARN]: Mismatch in destroy block pos: gh{x=0, y=0, z=0} gh{x=-866, y=48, z=-1485}
[01:44:09] [Server thread/WARN]: Mismatch in destroy block pos: gh{x=0, y=0, z=0} gh{x=-866, y=49, z=-1484}
[01:44:09] [Server thread/WARN]: Mismatch in destroy block pos: gh{x=0, y=0, z=0} gh{x=-867, y=48, z=-1484}
[01:44:10] [Server thread/WARN]: Mismatch in destroy block pos: gh{x=0, y=0, z=0} gh{x=-866, y=49, z=-1484}
[01:44:10] [Server thread/WARN]: Mismatch in destroy block pos: gh{x=0, y=0, z=0} gh{x=-867, y=49, z=-1483}
[01:44:11] [Server thread/WARN]: Mismatch in destroy block pos: gh{x=0, y=0, z=0} gh{x=-865, y=49, z=-1483}
[01:44:11] [Server thread/WARN]: Mismatch in destroy block pos: gh{x=0, y=0, z=0} gh{x=-866, y=49, z=-1484}
[01:44:12] [Server thread/WARN]: Mismatch in destroy block pos: gh{x=-875, y=49, z=-1482} gh{x=-874, y=47, z=-1481}
[01:44:12] [Server thread/WARN]: Mismatch in destroy block pos: gh{x=-875, y=49, z=-1482} gh{x=-873, y=48, z=-1481}
[01:44:12] [Server thread/WARN]: Mismatch in destroy block pos: gh{x=-875, y=49, z=-1482} gh{x=-874, y=48, z=-1480}
[01:44:13] [Server thread/WARN]: Mismatch in destroy block pos: gh{x=-875, y=49, z=-1482} gh{x=-873, y=48, z=-1481}
[01:44:25] [Server thread/INFO]: <phamle21> tao ra dc r
[01:44:30] [Server thread/INFO]: [xXPhantomALXx: Teleported 5 entities to xXPhantomALXx]
[01:44:31] [Server thread/WARN]: Mismatch in destroy block pos: gh{x=0, y=0, z=0} gh{x=-867, y=48, z=-1483}
[01:44:32] [Server thread/WARN]: Mismatch in destroy block pos: gh{x=0, y=0, z=0} gh{x=-868, y=48, z=-1483}
[01:44:32] [Server thread/WARN]: Mismatch in destroy block pos: gh{x=0, y=0, z=0} gh{x=-869, y=48, z=-1483}
[01:44:32] [Server thread/WARN]: Mismatch in destroy block pos: gh{x=0, y=0, z=0} gh{x=-870, y=48, z=-1483}
[01:44:32] [Server thread/WARN]: Mismatch in destroy block pos: gh{x=0, y=0, z=0} gh{x=-871, y=48, z=-1483}
[01:44:39] [Server thread/WARN]: Mismatch in destroy block pos: gh{x=0, y=0, z=0} gh{x=-874, y=49, z=-1481}
[01:44:40] [Server thread/WARN]: Mismatch in destroy block pos: gh{x=0, y=0, z=0} gh{x=-873, y=48, z=-1481}
[01:44:41] [Server thread/WARN]: Mismatch in destroy block pos: gh{x=0, y=0, z=0} gh{x=-875, y=48, z=-1482}
[01:44:41] [Server thread/WARN]: Mismatch in destroy block pos: gh{x=0, y=0, z=0} gh{x=-875, y=48, z=-1482}
[01:44:58] [Server thread/WARN]: Mismatch in destroy block pos: gh{x=0, y=0, z=0} gh{x=-874, y=49, z=-1481}
[01:45:18] [Server thread/WARN]: Mismatch in destroy block pos: gh{x=0, y=0, z=0} gh{x=-874, y=49, z=-1481}
[01:45:21] [Server thread/INFO]: <phamle21> o tren
[01:45:23] [Server thread/WARN]: Mismatch in destroy block pos: gh{x=0, y=0, z=0} gh{x=-874, y=49, z=-1481}
[01:45:24] [Server thread/WARN]: Mismatch in destroy block pos: gh{x=0, y=0, z=0} gh{x=-875, y=48, z=-1481}
[01:45:24] [Server thread/WARN]: Mismatch in destroy block pos: gh{x=0, y=0, z=0} gh{x=-874, y=49, z=-1481}
[01:45:24] [Server thread/WARN]: Mismatch in destroy block pos: gh{x=0, y=0, z=0} gh{x=-874, y=48, z=-1480}
[01:45:27] [Server thread/WARN]: Mismatch in destroy block pos: gh{x=0, y=0, z=0} gh{x=-874, y=49, z=-1481}
[01:45:31] [Server thread/WARN]: Mismatch in destroy block pos: gh{x=0, y=0, z=0} gh{x=-874, y=48, z=-1480}
[01:45:44] [Server thread/WARN]: Mismatch in destroy block pos: gh{x=0, y=0, z=0} gh{x=-874, y=49, z=-1481}
[01:45:50] [Server thread/WARN]: Mismatch in destroy block pos: gh{x=0, y=0, z=0} gh{x=-874, y=47, z=-1481}
[01:45:56] [Server thread/WARN]: Mismatch in destroy block pos: gh{x=0, y=0, z=0} gh{x=-874, y=48, z=-1480}
[01:45:57] [Server thread/WARN]: Mismatch in destroy block pos: gh{x=0, y=0, z=0} gh{x=-874, y=47, z=-1481}
[01:45:58] [Server thread/WARN]: Mismatch in destroy block pos: gh{x=0, y=0, z=0} gh{x=-874, y=47, z=-1481}
[01:46:05] [Server thread/WARN]: Mismatch in destroy block pos: gh{x=0, y=0, z=0} gh{x=-866, y=47, z=-1483}
[01:46:07] [Server thread/WARN]: Mismatch in destroy block pos: gh{x=0, y=0, z=0} gh{x=-866, y=47, z=-1482}
[01:46:07] [Server thread/WARN]: Mismatch in destroy block pos: gh{x=0, y=0, z=0} gh{x=-866, y=47, z=-1483}
[01:46:07] [Server thread/WARN]: Mismatch in destroy block pos: gh{x=0, y=0, z=0} gh{x=-867, y=48, z=-1483}
[01:46:12] [Server thread/WARN]: Mismatch in destroy block pos: gh{x=0, y=0, z=0} gh{x=-866, y=47, z=-1482}
[01:46:13] [Server thread/INFO]: [xXPhantomALXx: Applied effect Mining Fatigue to 5 targets]
[01:46:13] [Server thread/WARN]: Mismatch in destroy block pos: gh{x=0, y=0, z=0} gh{x=-867, y=48, z=-1483}
[01:46:15] [Server thread/INFO]: [xXPhantomALXx: Applied effect Mining Fatigue to 5 targets]
[01:46:19] [Server thread/INFO]: <phamle21> h?i ph?c nhanh vl
[01:46:21] [Server thread/WARN]: Mismatch in destroy block pos: gh{x=-875, y=49, z=-1482} gh{x=-866, y=47, z=-1483}
[01:46:22] [Server thread/WARN]: Mismatch in destroy block pos: gh{x=-875, y=49, z=-1482} gh{x=-866, y=47, z=-1482}
[01:46:22] [Server thread/WARN]: Mismatch in destroy block pos: gh{x=-875, y=49, z=-1482} gh{x=-865, y=47, z=-1482}
[01:46:22] [Server thread/WARN]: Mismatch in destroy block pos: gh{x=0, y=0, z=0} gh{x=-865, y=48, z=-1483}
[01:46:23] [Server thread/WARN]: Mismatch in destroy block pos: gh{x=-875, y=49, z=-1482} gh{x=-866, y=47, z=-1482}
[01:46:23] [Server thread/WARN]: Mismatch in destroy block pos: gh{x=-875, y=49, z=-1482} gh{x=-867, y=47, z=-1482}
[01:46:23] [Server thread/WARN]: Mismatch in destroy block pos: gh{x=-875, y=49, z=-1482} gh{x=-866, y=47, z=-1482}
[01:46:24] [Server thread/WARN]: Mismatch in destroy block pos: gh{x=0, y=0, z=0} gh{x=-865, y=48, z=-1483}
[01:46:25] [Server thread/WARN]: Mismatch in destroy block pos: gh{x=-875, y=49, z=-1482} gh{x=-866, y=47, z=-1483}
[01:46:25] [Server thread/WARN]: Mismatch in destroy block pos: gh{x=-875, y=49, z=-1482} gh{x=-866, y=47, z=-1482}
[01:46:25] [Server thread/WARN]: Mismatch in destroy block pos: gh{x=-875, y=49, z=-1482} gh{x=-866, y=47, z=-1483}
[01:46:25] [Server thread/WARN]: Mismatch in destroy block pos: gh{x=0, y=0, z=0} gh{x=-866, y=47, z=-1483}
[01:46:25] [Server thread/WARN]: Mismatch in destroy block pos: gh{x=0, y=0, z=0} gh{x=-866, y=47, z=-1482}
[01:46:25] [Server thread/WARN]: Mismatch in destroy block pos: gh{x=0, y=0, z=0} gh{x=-865, y=47, z=-1482}
[01:46:25] [Server thread/WARN]: Mismatch in destroy block pos: gh{x=0, y=0, z=0} gh{x=-865, y=48, z=-1483}
[01:46:25] [Server thread/WARN]: Mismatch in destroy block pos: gh{x=-875, y=49, z=-1482} gh{x=-867, y=48, z=-1483}
[01:46:26] [Server thread/WARN]: Mismatch in destroy block pos: gh{x=-875, y=49, z=-1482} gh{x=-867, y=47, z=-1482}
[01:46:27] [Server thread/WARN]: Mismatch in destroy block pos: gh{x=-875, y=49, z=-1482} gh{x=-866, y=47, z=-1482}
[01:46:27] [Server thread/WARN]: Mismatch in destroy block pos: gh{x=0, y=0, z=0} gh{x=-866, y=47, z=-1483}
[01:46:29] [Server thread/WARN]: Mismatch in destroy block pos: gh{x=0, y=0, z=0} gh{x=-869, y=50, z=-1483}
[01:46:29] [Server thread/WARN]: Mismatch in destroy block pos: gh{x=0, y=0, z=0} gh{x=-867, y=48, z=-1483}
[01:46:29] [Server thread/WARN]: Mismatch in destroy block pos: gh{x=0, y=0, z=0} gh{x=-866, y=47, z=-1483}
[01:46:29] [Server thread/WARN]: Mismatch in destroy block pos: gh{x=0, y=0, z=0} gh{x=-866, y=47, z=-1482}
[01:46:29] [Server thread/WARN]: Mismatch in destroy block pos: gh{x=-875, y=49, z=-1482} gh{x=-866, y=47, z=-1483}
[01:46:29] [Server thread/WARN]: Mismatch in destroy block pos: gh{x=0, y=0, z=0} gh{x=-865, y=47, z=-1482}
[01:46:29] [Server thread/WARN]: Mismatch in destroy block pos: gh{x=0, y=0, z=0} gh{x=-865, y=48, z=-1483}
[01:46:29] [Server thread/WARN]: Mismatch in destroy block pos: gh{x=-875, y=49, z=-1482} gh{x=-867, y=48, z=-1483}
[01:46:30] [Server thread/WARN]: Mismatch in destroy block pos: gh{x=-875, y=49, z=-1482} gh{x=-867, y=47, z=-1482}
[01:46:30] [Server thread/WARN]: Mismatch in destroy block pos: gh{x=-875, y=49, z=-1482} gh{x=-866, y=47, z=-1482}
[01:46:31] [Server thread/WARN]: Mismatch in destroy block pos: gh{x=-875, y=49, z=-1482} gh{x=-867, y=47, z=-1482}
[01:46:32] [Server thread/WARN]: Mismatch in destroy block pos: gh{x=-875, y=49, z=-1482} gh{x=-866, y=47, z=-1482}
[01:46:33] [Server thread/WARN]: Mismatch in destroy block pos: gh{x=-875, y=49, z=-1482} gh{x=-867, y=48, z=-1483}
[01:46:33] [Server thread/WARN]: Mismatch in destroy block pos: gh{x=-875, y=49, z=-1482} gh{x=-867, y=47, z=-1482}
[01:46:35] [Server thread/WARN]: Mismatch in destroy block pos: gh{x=0, y=0, z=0} gh{x=-866, y=47, z=-1482}
[01:46:36] [Server thread/WARN]: Mismatch in destroy block pos: gh{x=0, y=0, z=0} gh{x=-866, y=47, z=-1483}
[01:46:36] [Server thread/WARN]: Mismatch in destroy block pos: gh{x=0, y=0, z=0} gh{x=-874, y=47, z=-1481}
[01:46:37] [Server thread/WARN]: Mismatch in destroy block pos: gh{x=0, y=0, z=0} gh{x=-866, y=47, z=-1483}
[01:46:38] [Server thread/WARN]: Mismatch in destroy block pos: gh{x=0, y=0, z=0} gh{x=-866, y=47, z=-1482}
[01:46:39] [Server thread/WARN]: Mismatch in destroy block pos: gh{x=0, y=0, z=0} gh{x=-866, y=47, z=-1483}
[01:46:40] [Server thread/WARN]: Mismatch in destroy block pos: gh{x=0, y=0, z=0} gh{x=-866, y=47, z=-1483}
[01:46:41] [Server thread/WARN]: Mismatch in destroy block pos: gh{x=0, y=0, z=0} gh{x=-866, y=47, z=-1482}
[01:46:41] [Server thread/WARN]: Mismatch in destroy block pos: gh{x=0, y=0, z=0} gh{x=-867, y=47, z=-1482}
[01:46:41] [Server thread/WARN]: Mismatch in destroy block pos: gh{x=0, y=0, z=0} gh{x=-867, y=48, z=-1483}
[01:46:41] [Server thread/WARN]: Mismatch in destroy block pos: gh{x=0, y=0, z=0} gh{x=-867, y=48, z=-1483}
[01:46:42] [Server thread/WARN]: Mismatch in destroy block pos: gh{x=-875, y=49, z=-1482} gh{x=-866, y=47, z=-1483}
[01:46:42] [Server thread/WARN]: Mismatch in destroy block pos: gh{x=-875, y=49, z=-1482} gh{x=-866, y=47, z=-1482}
[01:46:43] [Server thread/WARN]: Mismatch in destroy block pos: gh{x=-875, y=49, z=-1482} gh{x=-865, y=47, z=-1482}
[01:46:43] [Server thread/WARN]: Mismatch in destroy block pos: gh{x=0, y=0, z=0} gh{x=-866, y=47, z=-1483}
[01:46:44] [Server thread/WARN]: Mismatch in destroy block pos: gh{x=0, y=0, z=0} gh{x=-867, y=48, z=-1483}
[01:46:45] [Server thread/WARN]: Mismatch in destroy block pos: gh{x=0, y=0, z=0} gh{x=-866, y=47, z=-1483}
[01:46:45] [Server thread/WARN]: Mismatch in destroy block pos: gh{x=0, y=0, z=0} gh{x=-866, y=49, z=-1483}
[01:46:49] [Server thread/WARN]: Mismatch in destroy block pos: gh{x=-875, y=49, z=-1482} gh{x=-866, y=47, z=-1483}
[01:46:50] [Server thread/WARN]: Mismatch in destroy block pos: gh{x=0, y=0, z=0} gh{x=-866, y=47, z=-1483}
[01:46:51] [Server thread/WARN]: Mismatch in destroy block pos: gh{x=0, y=0, z=0} gh{x=-866, y=49, z=-1483}
[01:46:53] [Server thread/INFO]: <phamle21> k ?ào dc
[01:47:03] [Server thread/WARN]: Mismatch in destroy block pos: gh{x=-875, y=49, z=-1482} gh{x=-866, y=47, z=-1483}
[01:47:03] [Server thread/WARN]: Mismatch in destroy block pos: gh{x=0, y=0, z=0} gh{x=-875, y=49, z=-1482}
[01:47:05] [Server thread/WARN]: Mismatch in destroy block pos: gh{x=0, y=0, z=0} gh{x=-872, y=48, z=-1482}
[01:47:05] [Server thread/WARN]: Mismatch in destroy block pos: gh{x=0, y=0, z=0} gh{x=-872, y=48, z=-1482}
[01:47:08] [Server thread/WARN]: Mismatch in destroy block pos: gh{x=0, y=0, z=0} gh{x=-871, y=49, z=-1483}
[01:47:09] [Server thread/WARN]: Mismatch in destroy block pos: gh{x=0, y=0, z=0} gh{x=-870, y=49, z=-1483}
[01:47:09] [Server thread/WARN]: Mismatch in destroy block pos: gh{x=0, y=0, z=0} gh{x=-871, y=49, z=-1483}
[01:47:09] [Server thread/WARN]: Mismatch in destroy block pos: gh{x=0, y=0, z=0} gh{x=-871, y=49, z=-1483}
[01:47:10] [Server thread/WARN]: Mismatch in destroy block pos: gh{x=0, y=0, z=0} gh{x=-870, y=49, z=-1483}
[01:47:10] [Server thread/WARN]: Mismatch in destroy block pos: gh{x=0, y=0, z=0} gh{x=-871, y=49, z=-1483}
[01:47:11] [Server thread/WARN]: Mismatch in destroy block pos: gh{x=0, y=0, z=0} gh{x=-871, y=49, z=-1483}
[01:47:12] [Server thread/WARN]: Mismatch in destroy block pos: gh{x=0, y=0, z=0} gh{x=-871, y=49, z=-1483}
[01:47:12] [Server thread/INFO]: <DuaHauu> e
[01:47:13] [Server thread/WARN]: Mismatch in destroy block pos: gh{x=0, y=0, z=0} gh{x=-871, y=49, z=-1483}
[01:47:14] [Server thread/WARN]: Mismatch in destroy block pos: gh{x=0, y=0, z=0} gh{x=-871, y=49, z=-1483}
[01:47:14] [Server thread/WARN]: Mismatch in destroy block pos: gh{x=0, y=0, z=0} gh{x=-871, y=49, z=-1483}
[01:47:14] [Server thread/WARN]: Mismatch in destroy block pos: gh{x=0, y=0, z=0} gh{x=-871, y=49, z=-1483}
[01:47:14] [Server thread/WARN]: Mismatch in destroy block pos: gh{x=0, y=0, z=0} gh{x=-871, y=49, z=-1483}
[01:47:16] [Server thread/WARN]: Mismatch in destroy block pos: gh{x=0, y=0, z=0} gh{x=-871, y=49, z=-1483}
[01:47:17] [Server thread/WARN]: Mismatch in destroy block pos: gh{x=0, y=0, z=0} gh{x=-871, y=49, z=-1483}
[01:47:17] [Server thread/WARN]: Mismatch in destroy block pos: gh{x=0, y=0, z=0} gh{x=-871, y=49, z=-1483}
[01:47:18] [Server thread/WARN]: Mismatch in destroy block pos: gh{x=-875, y=49, z=-1482} gh{x=-865, y=49, z=-1481}
[01:47:20] [Server thread/WARN]: Mismatch in destroy block pos: gh{x=-875, y=49, z=-1482} gh{x=-865, y=49, z=-1481}
[01:47:28] [Server thread/WARN]: Mismatch in destroy block pos: gh{x=0, y=0, z=0} gh{x=-868, y=48, z=-1482}
[01:47:29] [Server thread/WARN]: Mismatch in destroy block pos: gh{x=0, y=0, z=0} gh{x=-869, y=47, z=-1482}
[01:47:29] [Server thread/WARN]: Mismatch in destroy block pos: gh{x=0, y=0, z=0} gh{x=-869, y=48, z=-1483}
[01:47:33] [Server thread/WARN]: Mismatch in destroy block pos: gh{x=0, y=0, z=0} gh{x=-871, y=49, z=-1483}
[01:47:34] [Server thread/WARN]: Mismatch in destroy block pos: gh{x=0, y=0, z=0} gh{x=-871, y=49, z=-1483}
[01:47:34] [Server thread/WARN]: Mismatch in destroy block pos: gh{x=-875, y=49, z=-1482} gh{x=-865, y=49, z=-1481}
[01:47:35] [Server thread/WARN]: Mismatch in destroy block pos: gh{x=0, y=0, z=0} gh{x=-872, y=49, z=-1483}
[01:47:35] [Server thread/WARN]: Mismatch in destroy block pos: gh{x=0, y=0, z=0} gh{x=-875, y=49, z=-1482}
[01:47:37] [Server thread/WARN]: Mismatch in destroy block pos: gh{x=-875, y=49, z=-1482} gh{x=-866, y=49, z=-1482}
[01:47:37] [Server thread/WARN]: Mismatch in destroy block pos: gh{x=0, y=0, z=0} gh{x=-868, y=48, z=-1482}
[01:47:38] [Server thread/WARN]: Mismatch in destroy block pos: gh{x=0, y=0, z=0} gh{x=-872, y=48, z=-1482}
[01:47:39] [Server thread/WARN]: Mismatch in destroy block pos: gh{x=0, y=0, z=0} gh{x=-872, y=48, z=-1482}
[01:47:39] [Server thread/WARN]: Mismatch in destroy block pos: gh{x=0, y=0, z=0} gh{x=-873, y=49, z=-1483}
[01:47:39] [Server thread/WARN]: Mismatch in destroy block pos: gh{x=0, y=0, z=0} gh{x=-873, y=49, z=-1483}
[01:47:39] [Server thread/WARN]: Mismatch in destroy block pos: gh{x=0, y=0, z=0} gh{x=-872, y=49, z=-1483}
[01:47:40] [Server thread/WARN]: Mismatch in destroy block pos: gh{x=-875, y=49, z=-1482} gh{x=-866, y=49, z=-1482}
[01:47:41] [Server thread/WARN]: Mismatch in destroy block pos: gh{x=0, y=0, z=0} gh{x=-869, y=49, z=-1481}
[01:47:41] [Server thread/WARN]: Mismatch in destroy block pos: gh{x=0, y=0, z=0} gh{x=-871, y=50, z=-1482}
[01:47:42] [Server thread/WARN]: Mismatch in destroy block pos: gh{x=0, y=0, z=0} gh{x=-871, y=49, z=-1483}
[01:47:55] [Server thread/INFO]: <phamle21> chos tao cho tao
[01:48:09] [Server thread/WARN]: Mismatch in destroy block pos: gh{x=0, y=0, z=0} gh{x=-866, y=49, z=-1482}
[01:48:18] [Server thread/WARN]: Mismatch in destroy block pos: gh{x=-875, y=49, z=-1482} gh{x=-866, y=49, z=-1482}
[01:48:21] [Server thread/WARN]: Mismatch in destroy block pos: gh{x=0, y=0, z=0} gh{x=-871, y=49, z=-1483}
[01:48:22] [Server thread/WARN]: xXPhantomALXx moved too quickly! 7.971443662515753,0.0,6.139395015058881
[01:48:22] [Server thread/WARN]: Mismatch in destroy block pos: gh{x=0, y=0, z=0} gh{x=-871, y=49, z=-1481}
[01:48:22] [Server thread/WARN]: Mismatch in destroy block pos: gh{x=0, y=0, z=0} gh{x=-871, y=49, z=-1481}
[01:48:25] [Server thread/WARN]: Mismatch in destroy block pos: gh{x=0, y=0, z=0} gh{x=-871, y=49, z=-1481}
[01:48:29] [Server thread/WARN]: Mismatch in destroy block pos: gh{x=0, y=0, z=0} gh{x=-871, y=49, z=-1481}
[01:48:32] [Server thread/WARN]: Can't keep up! Is the server overloaded? Running 2056ms or 41 ticks behind
[01:48:32] [Server thread/WARN]: xXPhantomALXx moved too quickly! 9.997746731325947,1.0140028569236392,2.0197146896221057
[01:48:33] [Server thread/WARN]: Mismatch in destroy block pos: gh{x=0, y=0, z=0} gh{x=-871, y=49, z=-1483}
[01:48:41] [Server thread/WARN]: Mismatch in destroy block pos: gh{x=0, y=0, z=0} gh{x=-868, y=48, z=-1482}
[01:48:44] [Server thread/WARN]: Mismatch in destroy block pos: gh{x=0, y=0, z=0} gh{x=-868, y=48, z=-1482}
[01:48:45] [Server thread/WARN]: Mismatch in destroy block pos: gh{x=0, y=0, z=0} gh{x=-868, y=48, z=-1482}
[01:48:45] [Server thread/WARN]: Mismatch in destroy block pos: gh{x=0, y=0, z=0} gh{x=-868, y=48, z=-1482}
[01:48:51] [Server thread/WARN]: Mismatch in destroy block pos: gh{x=0, y=0, z=0} gh{x=-868, y=50, z=-1482}
[01:48:52] [Server thread/WARN]: Mismatch in destroy block pos: gh{x=0, y=0, z=0} gh{x=-866, y=49, z=-1482}
[01:48:57] [Server thread/WARN]: Mismatch in destroy block pos: gh{x=-875, y=49, z=-1482} gh{x=-865, y=49, z=-1481}
[01:48:59] [Server thread/WARN]: Mismatch in destroy block pos: gh{x=-875, y=49, z=-1482} gh{x=-866, y=49, z=-1482}
[01:49:08] [Server thread/WARN]: Mismatch in destroy block pos: gh{x=0, y=0, z=0} gh{x=-870, y=47, z=-1482}
[01:49:10] [Server thread/WARN]: Mismatch in destroy block pos: gh{x=0, y=0, z=0} gh{x=-870, y=47, z=-1482}
[01:49:10] [Server thread/WARN]: Mismatch in destroy block pos: gh{x=0, y=0, z=0} gh{x=-871, y=47, z=-1482}
[01:49:11] [Server thread/WARN]: Mismatch in destroy block pos: gh{x=0, y=0, z=0} gh{x=-871, y=47, z=-1482}
[01:49:12] [Server thread/WARN]: Mismatch in destroy block pos: gh{x=0, y=0, z=0} gh{x=-871, y=47, z=-1482}
[01:49:13] [Server thread/WARN]: Mismatch in destroy block pos: gh{x=0, y=0, z=0} gh{x=-871, y=47, z=-1482}
[01:49:15] [Server thread/WARN]: Mismatch in destroy block pos: gh{x=0, y=0, z=0} gh{x=-872, y=49, z=-1481}
[01:49:17] [Server thread/WARN]: Mismatch in destroy block pos: gh{x=0, y=0, z=0} gh{x=-872, y=49, z=-1481}
[01:49:17] [Server thread/WARN]: Mismatch in destroy block pos: gh{x=0, y=0, z=0} gh{x=-871, y=49, z=-1481}
[01:49:17] [Server thread/WARN]: Mismatch in destroy block pos: gh{x=0, y=0, z=0} gh{x=-871, y=48, z=-1481}
[01:49:17] [Server thread/WARN]: Mismatch in destroy block pos: gh{x=0, y=0, z=0} gh{x=-872, y=48, z=-1482}
[01:49:23] [Server thread/INFO]: <phamle21> w
[01:49:23] [Server thread/INFO]: [xXPhantomALXx: Set own game mode to Survival Mode]
[01:49:31] [Server thread/INFO]: [xXPhantomALXx: Made xXPhantomALXx no longer a server operator]
[01:49:36] [Server thread/INFO]: <phamle21> duoiws nuoc k ng?i dc
[01:49:40] [Server thread/INFO]: xifmoocs was blown up by xifmoocs
[01:49:40] [Server thread/INFO]: PoeAnn was blown up by xifmoocs
[01:49:40] [Server thread/INFO]: phamle21 was blown up by xifmoocs
[01:49:41] [Server thread/INFO]: Skipping update from removed player 'adj['xifmoocs'/16381, l='ServerLevel[world]', x=-868.30, y=48.00, z=-1481.70, removed=KILLED]'
[01:49:41] [Server thread/INFO]: Skipping update from removed player 'adj['xifmoocs'/16381, l='ServerLevel[world]', x=-868.34, y=48.00, z=-1481.70, removed=KILLED]'
[01:49:41] [Server thread/INFO]: Skipping update from removed player 'adj['xifmoocs'/16381, l='ServerLevel[world]', x=-868.39, y=48.00, z=-1481.70, removed=KILLED]'
[01:49:41] [Server thread/INFO]: Skipping update from removed player 'adj['xifmoocs'/16381, l='ServerLevel[world]', x=-868.45, y=48.00, z=-1481.70, removed=KILLED]'
[01:49:57] [Server thread/INFO]: Made xXPhantomALXx a server operator
[01:50:10] [Server thread/INFO]: [xXPhantomALXx: Set own game mode to Creative Mode]
[01:50:10] [Server thread/WARN]: Mismatch in destroy block pos: gh{x=0, y=0, z=0} gh{x=-872, y=50, z=-1482}
[01:50:12] [Server thread/WARN]: Mismatch in destroy block pos: gh{x=0, y=0, z=0} gh{x=-872, y=50, z=-1482}
[01:50:12] [Server thread/WARN]: Mismatch in destroy block pos: gh{x=0, y=0, z=0} gh{x=-872, y=51, z=-1481}
[01:50:12] [Server thread/WARN]: Mismatch in destroy block pos: gh{x=0, y=0, z=0} gh{x=-872, y=51, z=-1481}
[01:50:12] [Server thread/WARN]: Mismatch in destroy block pos: gh{x=0, y=0, z=0} gh{x=-872, y=51, z=-1481}
[01:50:12] [Server thread/WARN]: Mismatch in destroy block pos: gh{x=0, y=0, z=0} gh{x=-872, y=51, z=-1481}
[01:50:17] [Server thread/INFO]: phamle21 was slain by Drowned
[01:50:18] [Server thread/INFO]: Skipping update from removed player 'adj['phamle21'/19, l='ServerLevel[world]', x=-871.70, y=50.96, z=-1482.73, removed=KILLED]'
[01:50:18] [Server thread/INFO]: Skipping update from removed player 'adj['phamle21'/19, l='ServerLevel[world]', x=-871.70, y=50.93, z=-1482.71, removed=KILLED]'
[01:50:18] [Server thread/INFO]: Skipping update from removed player 'adj['phamle21'/19, l='ServerLevel[world]', x=-871.70, y=50.90, z=-1482.70, removed=KILLED]'
[01:50:18] [Server thread/INFO]: Skipping update from removed player 'adj['phamle21'/19, l='ServerLevel[world]', x=-871.70, y=50.86, z=-1482.69, removed=KILLED]'
[01:50:19] [Server thread/INFO]: [xXPhantomALXx: Teleported 5 entities to xXPhantomALXx]
[01:50:19] [Server thread/INFO]: Skipping update from removed player 'adj['phamle21'/19, l='ServerLevel[world]', x=-868.18, y=48.20, z=-1481.30, removed=KILLED]'
[01:50:31] [Server thread/WARN]: Mismatch in destroy block pos: gh{x=-866, y=49, z=-1482} gh{x=-874, y=48, z=-1480}
[01:50:33] [Server thread/INFO]: [xXPhantomALXx: Teleported 5 entities to xXPhantomALXx]
[01:50:45] [Server thread/WARN]: Mismatch in destroy block pos: gh{x=-881, y=68, z=-1551} gh{x=-868, y=49, z=-1483}
[01:50:47] [Server thread/INFO]: <phamle21> ?ào dc
[01:50:47] [Server thread/WARN]: Mismatch in destroy block pos: gh{x=-890, y=72, z=-1549} gh{x=-866, y=47, z=-1482}
[01:50:50] [Server thread/WARN]: Mismatch in destroy block pos: gh{x=0, y=0, z=0} gh{x=-868, y=49, z=-1483}
[01:50:51] [Server thread/WARN]: Mismatch in destroy block pos: gh{x=0, y=0, z=0} gh{x=-867, y=49, z=-1483}
[01:50:51] [Server thread/WARN]: Mismatch in destroy block pos: gh{x=0, y=0, z=0} gh{x=-868, y=49, z=-1483}
[01:50:51] [Server thread/WARN]: Mismatch in destroy block pos: gh{x=0, y=0, z=0} gh{x=-867, y=49, z=-1483}
[01:50:51] [Server thread/WARN]: Mismatch in destroy block pos: gh{x=0, y=0, z=0} gh{x=-868, y=49, z=-1483}
[01:50:51] [Server thread/WARN]: Mismatch in destroy block pos: gh{x=0, y=0, z=0} gh{x=-867, y=49, z=-1483}
[01:50:51] [Server thread/WARN]: Mismatch in destroy block pos: gh{x=0, y=0, z=0} gh{x=-868, y=49, z=-1483}
[01:50:51] [Server thread/WARN]: Mismatch in destroy block pos: gh{x=0, y=0, z=0} gh{x=-867, y=49, z=-1483}
[01:50:52] [Server thread/WARN]: Mismatch in destroy block pos: gh{x=-881, y=68, z=-1551} gh{x=-868, y=49, z=-1483}
[01:50:54] [Server thread/WARN]: Mismatch in destroy block pos: gh{x=-881, y=68, z=-1551} gh{x=-867, y=49, z=-1483}
[01:50:54] [Server thread/WARN]: Mismatch in destroy block pos: gh{x=-890, y=72, z=-1549} gh{x=-867, y=49, z=-1483}
[01:50:57] [Server thread/WARN]: phamle21 moved wrongly!
[01:51:01] [Server thread/INFO]: [xXPhantomALXx: Applied effect Regeneration to 5 targets]
[01:51:03] [Server thread/WARN]: Mismatch in destroy block pos: gh{x=-881, y=68, z=-1551} gh{x=-866, y=49, z=-1482}
[01:51:04] [Server thread/WARN]: Mismatch in destroy block pos: gh{x=-866, y=49, z=-1482} gh{x=-870, y=49, z=-1481}
[01:51:04] [Server thread/WARN]: Mismatch in destroy block pos: gh{x=-866, y=49, z=-1482} gh{x=-870, y=49, z=-1481}
[01:51:05] [Server thread/WARN]: Mismatch in destroy block pos: gh{x=-866, y=49, z=-1482} gh{x=-870, y=49, z=-1481}
[01:51:06] [Server thread/WARN]: Mismatch in destroy block pos: gh{x=-881, y=68, z=-1551} gh{x=-867, y=50, z=-1482}
[01:51:13] [Server thread/WARN]: Mismatch in destroy block pos: gh{x=-890, y=72, z=-1549} gh{x=-868, y=49, z=-1481}
[01:51:14] [Server thread/WARN]: Mismatch in destroy block pos: gh{x=-890, y=72, z=-1549} gh{x=-868, y=49, z=-1481}
[01:51:14] [Server thread/WARN]: Mismatch in destroy block pos: gh{x=-890, y=72, z=-1549} gh{x=-868, y=49, z=-1481}
[01:51:16] [Server thread/INFO]: <phamle21> moas
[01:51:17] [Server thread/WARN]: Mismatch in destroy block pos: gh{x=-890, y=72, z=-1549} gh{x=-867, y=49, z=-1483}
[01:51:20] [Server thread/WARN]: Mismatch in destroy block pos: gh{x=-890, y=72, z=-1549} gh{x=-869, y=49, z=-1481}
[01:51:20] [Server thread/WARN]: Mismatch in destroy block pos: gh{x=-890, y=72, z=-1549} gh{x=-869, y=49, z=-1481}
[01:51:21] [Server thread/WARN]: Mismatch in destroy block pos: gh{x=-890, y=72, z=-1549} gh{x=-867, y=49, z=-1481}
[01:51:21] [Server thread/WARN]: Mismatch in destroy block pos: gh{x=-890, y=72, z=-1549} gh{x=-865, y=49, z=-1481}
[01:51:22] [Server thread/WARN]: Mismatch in destroy block pos: gh{x=-890, y=72, z=-1549} gh{x=-865, y=49, z=-1481}
[01:51:23] [Server thread/WARN]: Mismatch in destroy block pos: gh{x=-890, y=72, z=-1549} gh{x=-865, y=49, z=-1481}
[01:51:24] [Server thread/WARN]: Mismatch in destroy block pos: gh{x=-890, y=72, z=-1549} gh{x=-867, y=49, z=-1481}
[01:51:24] [Server thread/WARN]: Mismatch in destroy block pos: gh{x=-890, y=72, z=-1549} gh{x=-868, y=49, z=-1481}
[01:51:24] [Server thread/WARN]: Mismatch in destroy block pos: gh{x=-890, y=72, z=-1549} gh{x=-868, y=49, z=-1481}
[01:51:24] [Server thread/WARN]: Mismatch in destroy block pos: gh{x=-890, y=72, z=-1549} gh{x=-868, y=49, z=-1481}
[01:51:27] [Server thread/WARN]: Mismatch in destroy block pos: gh{x=-881, y=68, z=-1551} gh{x=-870, y=50, z=-1482}
[01:51:33] [Server thread/WARN]: Mismatch in destroy block pos: gh{x=-881, y=68, z=-1551} gh{x=-870, y=49, z=-1481}
[01:51:38] [Server thread/WARN]: Mismatch in destroy block pos: gh{x=-881, y=68, z=-1551} gh{x=-870, y=49, z=-1483}
[01:51:39] [Server thread/WARN]: Mismatch in destroy block pos: gh{x=-881, y=68, z=-1551} gh{x=-870, y=49, z=-1483}
[01:51:41] [Server thread/WARN]: Mismatch in destroy block pos: gh{x=-881, y=68, z=-1551} gh{x=-871, y=49, z=-1483}
[01:51:46] [Server thread/WARN]: Mismatch in destroy block pos: gh{x=-866, y=49, z=-1482} gh{x=-865, y=49, z=-1481}
[01:51:46] [Server thread/INFO]: [xXPhantomALXx: Set spawn point to -867, 48, -1482 [0.0] in minecraft:overworld for 5 players]
[01:51:47] [Server thread/WARN]: Mismatch in destroy block pos: gh{x=-881, y=68, z=-1551} gh{x=-871, y=48, z=-1482}
[01:51:54] [Server thread/INFO]: [xXPhantomALXx: Set own game mode to Survival Mode]
[01:51:55] [Server thread/INFO]: [xXPhantomALXx: Made xXPhantomALXx no longer a server operator]
[01:52:00] [Server thread/WARN]: Mismatch in destroy block pos: gh{x=-881, y=68, z=-1551} gh{x=-870, y=49, z=-1483}
[01:52:12] [Server thread/INFO]: xifmoocs lost connection: Disconnected
[01:52:12] [Server thread/INFO]: xifmoocs left the game
[01:52:13] [Server thread/INFO]: xXPhantomALXx lost connection: Disconnected
[01:52:13] [Server thread/INFO]: xXPhantomALXx left the game
[01:52:17] [Server thread/INFO]: DuaHauu lost connection: Disconnected
[01:52:17] [Server thread/INFO]: DuaHauu left the game
[01:52:19] [Server thread/INFO]: PoeAnn lost connection: Disconnected
[01:52:19] [Server thread/INFO]: PoeAnn left the game
[01:52:19] [Server thread/INFO]: Saving the game (this may take a moment!)
[01:52:19] [Server thread/INFO]: Saved the game
[01:52:20] [Server thread/INFO]: Stopping the server
[01:52:21] [Server thread/INFO]: Stopping server
[01:52:21] [Server thread/INFO]: Saving players
[01:52:21] [Server thread/INFO]: Saving worlds
[01:52:21] [Server thread/INFO]: Saving chunks for level 'ServerLevel[world]'/minecraft:overworld
[01:52:21] [Server thread/INFO]: Saving chunks for level 'ServerLevel[world]'/minecraft:the_nether
[01:52:21] [Server thread/INFO]: Saving chunks for level 'ServerLevel[world]'/minecraft:the_end
[01:52:21] [Server thread/INFO]: ThreadedAnvilChunkStorage (world): All chunks are saved
[01:52:21] [Server thread/INFO]: ThreadedAnvilChunkStorage (DIM-1): All chunks are saved
[01:52:21] [Server thread/INFO]: ThreadedAnvilChunkStorage (DIM1): All chunks are saved
[01:52:21] [Server thread/INFO]: ThreadedAnvilChunkStorage: All dimensions are saved
